Removed Pin From Net: NetName=I2SSCLK Pin=U9-12
Removed Pin From Net: NetName=CDCLK Pin=U9-16
Removed Pin From Net: NetName=I2SSDO Pin=U9-18
Removed Pin From Net: NetName=I2SSDI Pin=U9-19
Removed Member From Class: ClassName=01-CPU1 Member=P1
Added Component: Designator=R58(0603R)
Added Component: Designator=R59(0603R)
Added Component: Designator=R60(0603R)
Added Component: Designator=R61(0603R)
Added Component: Designator=R62(0603R)
Added Component: Designator=R63(0603R)
Added Component: Designator=R64(0603R)
Added Component: Designator=R65(0603R)
Added Pin To Net: NetName=GND Pin=P1-6
Added Pin To Net: NetName=SDDATA1 Pin=R58-1
Added Pin To Net: NetName=VDD33V Pin=R58-2
Added Pin To Net: NetName=EINT18 Pin=R59-1
Added Pin To Net: NetName=SDDATA0 Pin=R60-1
Added Pin To Net: NetName=VDD33V Pin=R60-2
Added Pin To Net: NetName=SDCLK Pin=R61-1
Added Pin To Net: NetName=VDD33V Pin=R61-2
Added Pin To Net: NetName=SDCMD Pin=R62-1
Added Pin To Net: NetName=VDD33V Pin=R62-2
Added Pin To Net: NetName=SDCMD Pin=R63-1
Added Pin To Net: NetName=VDD33V Pin=R63-2
Added Pin To Net: NetName=SDDATA3 Pin=R64-1
Added Pin To Net: NetName=VDD33V Pin=R64-2
Added Pin To Net: NetName=SDDATA2 Pin=R65-1
Added Pin To Net: NetName=VDD33V Pin=R65-2
Added Member To Class: ClassName=02-CPU2 Member=Component P1 Header 5X2
Added Member To Class: ClassName=02-CPU2 Member=Component R58 10K
Added Member To Class: ClassName=02-CPU2 Member=Component R59 0
Added Member To Class: ClassName=02-CPU2 Member=Component R60 10K
Added Member To Class: ClassName=02-CPU2 Member=Component R61 10K
Added Member To Class: ClassName=02-CPU2 Member=Component R62 10K
Added Member To Class: ClassName=02-CPU2 Member=Component R63 10K
Added Member To Class: ClassName=02-CPU2 Member=Component R64 10K
Added Member To Class: ClassName=02-CPU2 Member=Component R65 10K
Added Room: Name=01-CPU1
Added Room: Name=02-CPU2
Added Room: Name=03-CPU3
Added Room: Name=04-MEM
Added Room: Name=05I2S
Added Room: Name=Main
Removed Pin From Net: NetName=VDD33V Pin=P1-1
Added Pin To Net: NetName=SDDATA3 Pin=P1-1
Removed Pin From Net: NetName=GND Pin=P1-2
Added Pin To Net: NetName=GND Pin=P1-2
Removed Pin From Net: NetName=GND Pin=P1-2
Added Pin To Net: NetName=SDCMD Pin=P1-2
Removed Pin From Net: NetName=VDD33V Pin=P1-3
Added Pin To Net: NetName=GND Pin=P1-3
Removed Pin From Net: NetName=GND Pin=P1-4
Added Pin To Net: NetName=GND Pin=P1-4
Removed Pin From Net: NetName=GND Pin=P1-4
Added Pin To Net: NetName=VDD33V Pin=P1-4
Removed Pin From Net: NetName=VDD33V Pin=P1-5
Added Pin To Net: NetName=SDCLK Pin=P1-5
Removed Pin From Net: NetName=VDD33V Pin=P1-7
Added Pin To Net: NetName=SDDATA0 Pin=P1-7
Removed Pin From Net: NetName=GND Pin=P1-8
Added Pin To Net: NetName=GND Pin=P1-8
Removed Pin From Net: NetName=GND Pin=P1-8
Added Pin To Net: NetName=SDDATA1 Pin=P1-8
Removed Pin From Net: NetName=VDD33V Pin=P1-9
Added Pin To Net: NetName=SDDATA2 Pin=P1-9
Removed Pin From Net: NetName=GND Pin=P1-10
Added Pin To Net: NetName=GND Pin=P1-10
