Removed Pin From Net: NetName=GND Pin=C38-1
Removed Pin From Net: NetName=VDD33V Pin=C38-2
Removed Pin From Net: NetName=GND Pin=C39-1
Removed Pin From Net: NetName=VDD33V Pin=C39-2
Removed Pin From Net: NetName=VDD33V Pin=C43-1
Removed Pin From Net: NetName=GND Pin=C43-2
Removed Pin From Net: NetName=GND Pin=C44-2
Removed Pin From Net: NetName=VDD33V Pin=C45-1
Removed Pin From Net: NetName=GND Pin=C45-2
Removed Pin From Net: NetName=VDD33V Pin=C46-1
Removed Pin From Net: NetName=GND Pin=C46-2
Removed Pin From Net: NetName=VDD33V Pin=C47-2
Removed Pin From Net: NetName=GND Pin=C49-2
Removed Pin From Net: NetName=VDD33V Pin=C93-1
Removed Pin From Net: NetName=GND Pin=C93-2
Removed Pin From Net: NetName=GND Pin=J2-1
Removed Pin From Net: NetName=GND Pin=J3-1
Removed Pin From Net: NetName=GND Pin=J4-5
Removed Pin From Net: NetName=GND Pin=P18-3
Removed Pin From Net: NetName=SDDATA3 Pin=P80-1
Removed Pin From Net: NetName=SDCMD Pin=P80-2
Removed Pin From Net: NetName=GND Pin=P80-3
Removed Pin From Net: NetName=VDD33V Pin=P80-4
Removed Pin From Net: NetName=SDCLK Pin=P80-5
Removed Pin From Net: NetName=SDDATA0 Pin=P80-6
Removed Pin From Net: NetName=SDDATA1 Pin=P80-7
Removed Pin From Net: NetName=SDDATA2 Pin=P80-9
Removed Pin From Net: NetName=EINT17 Pin=P80-10
Removed Pin From Net: NetName=EINT18 Pin=P80-11
Removed Pin From Net: NetName=GND Pin=P80-GND
Removed Pin From Net: NetName=GND Pin=P80-GND
Removed Pin From Net: NetName=GND Pin=P80-GND
Removed Pin From Net: NetName=GND Pin=P80-GND
Removed Pin From Net: NetName=GND Pin=R26-2
Removed Pin From Net: NetName=GND Pin=R27-2
Removed Pin From Net: NetName=VDD33V Pin=R29-1
Removed Pin From Net: NetName=GND Pin=R30-1
Removed Pin From Net: NetName=GND Pin=R31-1
Removed Pin From Net: NetName=GND Pin=R32-1
Removed Pin From Net: NetName=GND Pin=R33-1
Removed Pin From Net: NetName=SDDATA1 Pin=R58-1
Removed Pin From Net: NetName=VDD33V Pin=R58-2
Removed Pin From Net: NetName=EINT18 Pin=R59-1
Removed Pin From Net: NetName=EINT16 Pin=R59-2
Removed Pin From Net: NetName=SDDATA0 Pin=R60-1
Removed Pin From Net: NetName=VDD33V Pin=R60-2
Removed Pin From Net: NetName=SDCLK Pin=R61-1
Removed Pin From Net: NetName=VDD33V Pin=R61-2
Removed Pin From Net: NetName=EINT18 Pin=R62-1
Removed Pin From Net: NetName=VDD33V Pin=R62-2
Removed Pin From Net: NetName=SDCMD Pin=R63-1
Removed Pin From Net: NetName=VDD33V Pin=R63-2
Removed Pin From Net: NetName=SDDATA3 Pin=R64-1
Removed Pin From Net: NetName=VDD33V Pin=R64-2
Removed Pin From Net: NetName=SDDATA2 Pin=R65-1
Removed Pin From Net: NetName=VDD33V Pin=R65-2
Removed Pin From Net: NetName=GND Pin=U9-1
Removed Pin From Net: NetName=VDD33V Pin=U9-3
Removed Pin From Net: NetName=GND Pin=U9-5
Removed Pin From Net: NetName=VDD33V Pin=U9-7
Removed Pin From Net: NetName=VDD33V Pin=U9-10
Removed Pin From Net: NetName=GND Pin=U9-11
Removed Pin From Net: NetName=CDCLK Pin=U9-12
Removed Pin From Net: NetName=L3MODE Pin=U9-13
Removed Pin From Net: NetName=L3CLOCK Pin=U9-14
Removed Pin From Net: NetName=L3DATA Pin=U9-15
Removed Pin From Net: NetName=I2SSCLK Pin=U9-16
Removed Pin From Net: NetName=I2SLRCK Pin=U9-17
Removed Pin From Net: NetName=I2SSDI Pin=U9-18
Removed Pin From Net: NetName=I2SSDO Pin=U9-19
Removed Pin From Net: NetName=VDD33V Pin=U9-25
Removed Pin From Net: NetName=GND Pin=U9-27
Removed Pin From Net: NetName=RXD0 Pin=U10-9
Removed Pin From Net: NetName=TXD0 Pin=U10-10
Removed Pin From Net: NetName=RXD0 Pin=U10-11
Removed Pin From Net: NetName=GND Pin=U10-13
Removed Pin From Net: NetName=GND Pin=U10-15
Removed Pin From Net: NetName=VDD33V Pin=U10-16
Removed Pin From Net: NetName=RXD1 Pin=U20-1
Removed Pin From Net: NetName=GND Pin=U20-2
Removed Pin From Net: NetName=GND Pin=U20-3
Removed Pin From Net: NetName=TXD1 Pin=U20-4
Removed Pin From Net: NetName=GND Pin=U20-5
Removed Pin From Net: NetName=VDD33V Pin=U20-8
Removed Member From Class: ClassName=05I2S Member=C38
Removed Member From Class: ClassName=05I2S Member=C38
Removed Member From Class: ClassName=05I2S Member=C39
Removed Member From Class: ClassName=05I2S Member=C40
Removed Member From Class: ClassName=05I2S Member=C41
Removed Member From Class: ClassName=05I2S Member=C42
Removed Member From Class: ClassName=05I2S Member=C43
Removed Member From Class: ClassName=05I2S Member=C44
Removed Member From Class: ClassName=05I2S Member=C45
Removed Member From Class: ClassName=05I2S Member=C46
Removed Member From Class: ClassName=05I2S Member=C47
Removed Member From Class: ClassName=05I2S Member=C48
Removed Member From Class: ClassName=05I2S Member=C49
Removed Member From Class: ClassName=05I2S Member=C50
Removed Member From Class: ClassName=05I2S Member=C93
Removed Member From Class: ClassName=05I2S Member=J2
Removed Member From Class: ClassName=05I2S Member=J3
Removed Member From Class: ClassName=05I2S Member=J4
Removed Member From Class: ClassName=05I2S Member=P18
Removed Member From Class: ClassName=02-CPU2 Member=P80
Removed Member From Class: ClassName=05I2S Member=R26
Removed Member From Class: ClassName=05I2S Member=R27
Removed Member From Class: ClassName=05I2S Member=R28
Removed Member From Class: ClassName=05I2S Member=R29
Removed Member From Class: ClassName=05I2S Member=R30
Removed Member From Class: ClassName=05I2S Member=R31
Removed Member From Class: ClassName=05I2S Member=R32
Removed Member From Class: ClassName=05I2S Member=R33
Removed Member From Class: ClassName=02-CPU2 Member=R58
Removed Member From Class: ClassName=02-CPU2 Member=R59
Removed Member From Class: ClassName=02-CPU2 Member=R60
Removed Member From Class: ClassName=02-CPU2 Member=R61
Removed Member From Class: ClassName=02-CPU2 Member=R62
Removed Member From Class: ClassName=02-CPU2 Member=R63
Removed Member From Class: ClassName=02-CPU2 Member=R64
Removed Member From Class: ClassName=02-CPU2 Member=R65
Removed Member From Class: ClassName=05I2S Member=R89
Removed Member From Class: ClassName=05I2S Member=U9
Removed Member From Class: ClassName=05I2S Member=U10
Removed Member From Class: ClassName=05I2S Member=U20
Added Room: Name=01-CPU1
Added Room: Name=02-CPU2
Added Room: Name=03-CPU3
Added Room: Name=04-MEM
Added Room: Name=05I2S
Added Room: Name=Main
