Removed Member From Class: ClassName=U_GPIO_OUT_Nets Member=A0
Removed Member From Class: ClassName=U_GPIO_OUT_Nets Member=A0
Removed Member From Class: ClassName=U_GPIO_OUT_Nets Member=A1
Removed Member From Class: ClassName=U_GPIO_OUT_Nets Member=A1
Removed Member From Class: ClassName=U_GPIO_OUT_Nets Member=A2
Removed Member From Class: ClassName=U_GPIO_OUT_Nets Member=A2
Removed Member From Class: ClassName=U_GPIO_OUT_Nets Member=A3
Removed Member From Class: ClassName=U_GPIO_OUT_Nets Member=A3
Removed Member From Class: ClassName=U_GPIO_OUT_Nets Member=A4
Removed Member From Class: ClassName=U_GPIO_OUT_Nets Member=A4
Removed Member From Class: ClassName=U_GPIO_OUT_Nets Member=A5
Removed Member From Class: ClassName=U_GPIO_OUT_Nets Member=A5
Removed Member From Class: ClassName=U_GPIO_OUT_Nets Member=A6
Removed Member From Class: ClassName=U_GPIO_OUT_Nets Member=A6
Removed Member From Class: ClassName=U_GPIO_OUT_Nets Member=A7
Removed Member From Class: ClassName=U_GPIO_OUT_Nets Member=A7
Removed Member From Class: ClassName=U_GPIO_OUT_Nets Member=A8
Removed Member From Class: ClassName=U_GPIO_OUT_Nets Member=A8
Removed Member From Class: ClassName=U_GPIO_OUT_Nets Member=A9
Removed Member From Class: ClassName=U_GPIO_OUT_Nets Member=A9
Removed Member From Class: ClassName=U_GPIO_OUT_Nets Member=A10
Removed Member From Class: ClassName=U_GPIO_OUT_Nets Member=A10
Removed Member From Class: ClassName=U_GPIO_OUT_Nets Member=A11
Removed Member From Class: ClassName=U_GPIO_OUT_Nets Member=A11
Removed Member From Class: ClassName=U_GPIO_OUT_Nets Member=A12
Removed Member From Class: ClassName=U_GPIO_OUT_Nets Member=A12
Removed Member From Class: ClassName=U_GPIO_OUT_Nets Member=A13
Removed Member From Class: ClassName=U_GPIO_OUT_Nets Member=A13
Removed Member From Class: ClassName=U_GPIO_OUT_Nets Member=A14
Removed Member From Class: ClassName=U_GPIO_OUT_Nets Member=A14
Removed Member From Class: ClassName=U_GPIO_OUT_Nets Member=A15
Removed Member From Class: ClassName=U_GPIO_OUT_Nets Member=A15
Removed Member From Class: ClassName=U_GPIO_OUT_Nets Member=A16
Removed Member From Class: ClassName=U_GPIO_OUT_Nets Member=A16
Removed Member From Class: ClassName=U_GPIO_OUT_Nets Member=A17
Removed Member From Class: ClassName=U_GPIO_OUT_Nets Member=A17
Removed Member From Class: ClassName=U_GPIO_OUT_Nets Member=A18
Removed Member From Class: ClassName=U_GPIO_OUT_Nets Member=A18
Removed Member From Class: ClassName=U_GPIO_OUT_Nets Member=A19
Removed Member From Class: ClassName=U_GPIO_OUT_Nets Member=A19
Removed Member From Class: ClassName=U_GPIO_OUT_Nets Member=A20
Removed Member From Class: ClassName=U_GPIO_OUT_Nets Member=A20
Removed Member From Class: ClassName=U_GPIO_OUT_Nets Member=A21
Removed Member From Class: ClassName=U_GPIO_OUT_Nets Member=A21
Removed Member From Class: ClassName=U_GPIO_OUT_Nets Member=A22
Removed Member From Class: ClassName=U_GPIO_OUT_Nets Member=A22
Removed Member From Class: ClassName=U_GPIO_OUT_Nets Member=A23
Removed Member From Class: ClassName=U_GPIO_OUT_Nets Member=A23
Removed Member From Class: ClassName=U_STORAGE_Nets Member=D0
Removed Member From Class: ClassName=U_STORAGE_Nets Member=D0
Removed Member From Class: ClassName=U_STORAGE_Nets Member=D1
Removed Member From Class: ClassName=U_STORAGE_Nets Member=D1
Removed Member From Class: ClassName=U_STORAGE_Nets Member=D2
Removed Member From Class: ClassName=U_STORAGE_Nets Member=D2
Removed Member From Class: ClassName=U_STORAGE_Nets Member=D3
Removed Member From Class: ClassName=U_STORAGE_Nets Member=D3
Removed Member From Class: ClassName=U_STORAGE_Nets Member=D4
Removed Member From Class: ClassName=U_STORAGE_Nets Member=D4
Removed Member From Class: ClassName=U_STORAGE_Nets Member=D5
Removed Member From Class: ClassName=U_STORAGE_Nets Member=D5
Removed Member From Class: ClassName=U_STORAGE_Nets Member=D6
Removed Member From Class: ClassName=U_STORAGE_Nets Member=D6
Removed Member From Class: ClassName=U_STORAGE_Nets Member=D7
Removed Member From Class: ClassName=U_STORAGE_Nets Member=D7
Removed Member From Class: ClassName=U_STORAGE_Nets Member=D8
Removed Member From Class: ClassName=U_STORAGE_Nets Member=D8
Removed Member From Class: ClassName=U_STORAGE_Nets Member=D9
Removed Member From Class: ClassName=U_STORAGE_Nets Member=D9
Removed Member From Class: ClassName=U_STORAGE_Nets Member=D10
Removed Member From Class: ClassName=U_STORAGE_Nets Member=D10
Removed Member From Class: ClassName=U_STORAGE_Nets Member=D11
Removed Member From Class: ClassName=U_STORAGE_Nets Member=D11
Removed Member From Class: ClassName=U_STORAGE_Nets Member=D12
Removed Member From Class: ClassName=U_STORAGE_Nets Member=D12
Removed Member From Class: ClassName=U_STORAGE_Nets Member=D13
Removed Member From Class: ClassName=U_STORAGE_Nets Member=D13
Removed Member From Class: ClassName=U_STORAGE_Nets Member=D14
Removed Member From Class: ClassName=U_STORAGE_Nets Member=D14
Removed Member From Class: ClassName=U_STORAGE_Nets Member=D15
Removed Member From Class: ClassName=U_STORAGE_Nets Member=D15
Removed Member From Class: ClassName=U_STORAGE_Nets Member=NetC24_1
Removed Member From Class: ClassName=U_STORAGE_Nets Member=NetP5_2
Removed Member From Class: ClassName=U_STORAGE_Nets Member=NetP6_2
Removed Member From Class: ClassName=U_STORAGE_Nets Member=NetR7_1
Removed Member From Class: ClassName=U_STORAGE_Nets Member=NetR10_1
Removed Member From Class: ClassName=U_GPIO_OUT_Nets Member=PA1
Removed Member From Class: ClassName=U_GPIO_OUT_Nets Member=PA4
Removed Member From Class: ClassName=U_GPIO_OUT_Nets Member=PA15
Removed Member From Class: ClassName=U_GPIO_OUT_Nets Member=PB0
Removed Member From Class: ClassName=U_GPIO_OUT_Nets Member=PB1
Removed Member From Class: ClassName=U_GPIO_OUT_Nets Member=PB2
Removed Member From Class: ClassName=U_GPIO_OUT_Nets Member=PB5
Removed Member From Class: ClassName=U_GPIO_OUT_Nets Member=PB6
Removed Member From Class: ClassName=U_GPIO_OUT_Nets Member=PB7
Removed Member From Class: ClassName=U_GPIO_OUT_Nets Member=PB8
Removed Member From Class: ClassName=U_GPIO_OUT_Nets Member=PB9
Removed Member From Class: ClassName=U_GPIO_OUT_Nets Member=PB10
Removed Member From Class: ClassName=U_GPIO_OUT_Nets Member=PB11
Removed Member From Class: ClassName=U_GPIO_OUT_Nets Member=PB12
Removed Member From Class: ClassName=U_GPIO_OUT_Nets Member=PB13
Removed Member From Class: ClassName=U_GPIO_OUT_Nets Member=PB14
Removed Member From Class: ClassName=U_GPIO_OUT_Nets Member=PB15
Removed Member From Class: ClassName=U_GPIO_OUT_Nets Member=PD2
Removed Member From Class: ClassName=U_GPIO_OUT_Nets Member=PD3
Removed Member From Class: ClassName=U_GPIO_OUT_Nets Member=PF6
Removed Member From Class: ClassName=U_GPIO_OUT_Nets Member=PF10
Removed Member From Class: ClassName=U_GPIO_OUT_Nets Member=PF11
Removed Member From Class: ClassName=U_GPIO_OUT_Nets Member=PG7
Removed Member From Class: ClassName=U_GPIO_OUT_Nets Member=PG8
Removed Member From Class: ClassName=U_GPIO_OUT_Nets Member=PG11
Removed Member From Class: ClassName=U_GPIO_OUT_Nets Member=PG13
Removed Member From Class: ClassName=U_GPIO_OUT_Nets Member=PG14
Removed Member From Class: ClassName=U_GPIO_OUT_Nets Member=PG15
Added Pin To Net: NetName=D0 Pin=NU1-83
Added Pin To Net: NetName=D1 Pin=NU1-84
Change Class Name : Old Net Name=U_GPIO_OUT_Nets New Net Name=D[15..0]
Change Class Name : Old Net Name=U_STORAGE_Nets New Net Name=A[23..0]
Added Class: Name=U_GPIO_OUT_Nets
Added Class: Name=U_STORAGE_Nets
Added Member To Class: ClassName=A[23..0] Member=Element[0]: A
Added Member To Class: ClassName=A[23..0] Member=Element[0]: A (Inferred)
Added Member To Class: ClassName=A[23..0] Member=Element[1]: A
Added Member To Class: ClassName=A[23..0] Member=Element[1]: A (Inferred)
Added Member To Class: ClassName=A[23..0] Member=Element[2]: A
Added Member To Class: ClassName=A[23..0] Member=Element[2]: A (Inferred)
Added Member To Class: ClassName=A[23..0] Member=Element[3]: A
Added Member To Class: ClassName=A[23..0] Member=Element[3]: A (Inferred)
Added Member To Class: ClassName=A[23..0] Member=Element[4]: A
Added Member To Class: ClassName=A[23..0] Member=Element[4]: A (Inferred)
Added Member To Class: ClassName=A[23..0] Member=Element[5]: A
Added Member To Class: ClassName=A[23..0] Member=Element[5]: A (Inferred)
Added Member To Class: ClassName=A[23..0] Member=Element[6]: A
Added Member To Class: ClassName=A[23..0] Member=Element[6]: A (Inferred)
Added Member To Class: ClassName=A[23..0] Member=Element[7]: A
Added Member To Class: ClassName=A[23..0] Member=Element[7]: A (Inferred)
Added Member To Class: ClassName=A[23..0] Member=Element[8]: A
Added Member To Class: ClassName=A[23..0] Member=Element[8]: A (Inferred)
Added Member To Class: ClassName=A[23..0] Member=Element[9]: A
Added Member To Class: ClassName=A[23..0] Member=Element[9]: A (Inferred)
Added Member To Class: ClassName=A[23..0] Member=Element[10]: A
Added Member To Class: ClassName=A[23..0] Member=Element[10]: A (Inferred)
Added Member To Class: ClassName=A[23..0] Member=Element[11]: A
Added Member To Class: ClassName=A[23..0] Member=Element[11]: A (Inferred)
Added Member To Class: ClassName=A[23..0] Member=Element[12]: A
Added Member To Class: ClassName=A[23..0] Member=Element[12]: A (Inferred)
Added Member To Class: ClassName=A[23..0] Member=Element[13]: A
Added Member To Class: ClassName=A[23..0] Member=Element[13]: A (Inferred)
Added Member To Class: ClassName=A[23..0] Member=Element[14]: A
Added Member To Class: ClassName=A[23..0] Member=Element[14]: A (Inferred)
Added Member To Class: ClassName=A[23..0] Member=Element[15]: A
Added Member To Class: ClassName=A[23..0] Member=Element[15]: A (Inferred)
Added Member To Class: ClassName=A[23..0] Member=Element[16]: A
Added Member To Class: ClassName=A[23..0] Member=Element[16]: A (Inferred)
Added Member To Class: ClassName=A[23..0] Member=Element[17]: A
Added Member To Class: ClassName=A[23..0] Member=Element[17]: A (Inferred)
Added Member To Class: ClassName=A[23..0] Member=Element[18]: A
Added Member To Class: ClassName=A[23..0] Member=Element[18]: A (Inferred)
Added Member To Class: ClassName=A[23..0] Member=Element[19]: A
Added Member To Class: ClassName=A[23..0] Member=Element[19]: A (Inferred)
Added Member To Class: ClassName=A[23..0] Member=Element[20]: A
Added Member To Class: ClassName=A[23..0] Member=Element[20]: A (Inferred)
Added Member To Class: ClassName=A[23..0] Member=Element[21]: A
Added Member To Class: ClassName=A[23..0] Member=Element[21]: A (Inferred)
Added Member To Class: ClassName=A[23..0] Member=Element[22]: A
Added Member To Class: ClassName=A[23..0] Member=Element[22]: A (Inferred)
Added Member To Class: ClassName=A[23..0] Member=Element[23]: A
Added Member To Class: ClassName=D[15..0] Member=Element[0]: D
Added Member To Class: ClassName=D[15..0] Member=Element[0]: D (Inferred)
Added Member To Class: ClassName=D[15..0] Member=Element[1]: D
Added Member To Class: ClassName=D[15..0] Member=Element[1]: D (Inferred)
Added Member To Class: ClassName=D[15..0] Member=Element[2]: D
Added Member To Class: ClassName=D[15..0] Member=Element[2]: D (Inferred)
Added Member To Class: ClassName=D[15..0] Member=Element[3]: D
Added Member To Class: ClassName=D[15..0] Member=Element[3]: D (Inferred)
Added Member To Class: ClassName=D[15..0] Member=Element[4]: D
Added Member To Class: ClassName=D[15..0] Member=Element[4]: D (Inferred)
Added Member To Class: ClassName=D[15..0] Member=Element[5]: D
Added Member To Class: ClassName=D[15..0] Member=Element[5]: D (Inferred)
Added Member To Class: ClassName=D[15..0] Member=Element[6]: D
Added Member To Class: ClassName=D[15..0] Member=Element[6]: D (Inferred)
Added Member To Class: ClassName=D[15..0] Member=Element[7]: D
Added Member To Class: ClassName=D[15..0] Member=Element[7]: D (Inferred)
Added Member To Class: ClassName=D[15..0] Member=Element[8]: D
Added Member To Class: ClassName=D[15..0] Member=Element[8]: D (Inferred)
Added Member To Class: ClassName=D[15..0] Member=Element[9]: D
Added Member To Class: ClassName=D[15..0] Member=Element[9]: D (Inferred)
Added Member To Class: ClassName=D[15..0] Member=Element[10]: D
Added Member To Class: ClassName=D[15..0] Member=Element[10]: D (Inferred)
Added Member To Class: ClassName=D[15..0] Member=Element[11]: D
Added Member To Class: ClassName=D[15..0] Member=Element[11]: D (Inferred)
Added Member To Class: ClassName=D[15..0] Member=Element[12]: D
Added Member To Class: ClassName=D[15..0] Member=Element[12]: D (Inferred)
Added Member To Class: ClassName=D[15..0] Member=Element[13]: D
Added Member To Class: ClassName=D[15..0] Member=Element[13]: D (Inferred)
Added Member To Class: ClassName=D[15..0] Member=Element[14]: D
Added Member To Class: ClassName=D[15..0] Member=Element[14]: D (Inferred)
Added Member To Class: ClassName=D[15..0] Member=Element[15]: D
Added Member To Class: ClassName=D[15..0] Member=Element[15]: D (Inferred)
