Removed Pin From Net: NetName=GND Pin=U2-1
Removed Pin From Net: NetName=3.3V Pin=U2-3
Removed Pin From Net: NetName=NetC2_2 Pin=U2-8
Removed Pin From Net: NetName=NetC3_2 Pin=U2-9
Removed Pin From Net: NetName=GND Pin=U2-18
Removed Pin From Net: NetName=SDA Pin=U2-20
Removed Pin From Net: NetName=GND Pin=U2-36
Removed Pin From Net: NetName=GND Pin=U2-38
Removed Pin From Net: NetName=RST Pin=U2-52
Removed Pin From Net: NetName=3.3V Pin=U2-53
Removed Pin From Net: NetName=WAKEUP Pin=U2-54
Added Pin To Net: NetName=3.3V Pin=U2-6
Added Pin To Net: NetName=3.3V Pin=U2-10
Added Pin To Net: NetName=Net1_3 Pin=U2-15
Added Pin To Net: NetName=GND Pin=U2-17
Added Pin To Net: NetName=26PIN Pin=U2-26
Added Pin To Net: NetName=27PIN Pin=U2-27
Added Pin To Net: NetName=28PIN Pin=U2-28
Added Pin To Net: NetName=GND Pin=U2-33
Added Pin To Net: NetName=3.3V Pin=U2-34
Added Pin To Net: NetName=GND Pin=U2-35
Added Pin To Net: NetName=3.3V Pin=U2-39
Added Pin To Net: NetName=NetR9_2 Pin=U2-40
Added Pin To Net: NetName=NetR8_2 Pin=U2-41
Added Pin To Net: NetName=NetR7_2 Pin=U2-42
Added Room: Name=Sheet1
Removed Pin From Net: NetName=Net1_3 Pin=U2-12
Added Pin To Net: NetName=NetC3_2 Pin=U2-12
Removed Pin From Net: NetName=Net1_2 Pin=U2-13
Added Pin To Net: NetName=GND Pin=U2-13
Removed Pin From Net: NetName=GND Pin=U2-14
Added Pin To Net: NetName=3.3V Pin=U2-14
Removed Pin From Net: NetName=GND Pin=U2-16
Added Pin To Net: NetName=Net1_2 Pin=U2-16
Removed Pin From Net: NetName=SCL Pin=U2-19
Added Pin To Net: NetName=GND Pin=U2-19
Removed Pin From Net: NetName=NetR9_2 Pin=U2-43
Added Pin To Net: NetName=NetR6_2 Pin=U2-43
Removed Pin From Net: NetName=NetR8_2 Pin=U2-44
Added Pin To Net: NetName=NetR5_2 Pin=U2-44
Removed Pin From Net: NetName=NetR7_2 Pin=U2-45
Added Pin To Net: NetName=NetR4_2 Pin=U2-45
Removed Pin From Net: NetName=NetR6_2 Pin=U2-46
Added Pin To Net: NetName=NetR3_2 Pin=U2-46
Removed Pin From Net: NetName=NetR5_2 Pin=U2-47
Added Pin To Net: NetName=NetR2_2 Pin=U2-47
Removed Pin From Net: NetName=NetR4_2 Pin=U2-48
Added Pin To Net: NetName=GND Pin=U2-48
Removed Pin From Net: NetName=NetR3_2 Pin=U2-49
Added Pin To Net: NetName=RST Pin=U2-49
Removed Pin From Net: NetName=NetR2_2 Pin=U2-50
Added Pin To Net: NetName=3.3V Pin=U2-50
Removed Pin From Net: NetName=GND Pin=U2-51
Added Pin To Net: NetName=WAKEUP Pin=U2-51
Removed Pin From Net: NetName=3.3V Pin=U2-7
Added Pin To Net: NetName=GND Pin=U2-7
Removed Pin From Net: NetName=3.3V Pin=U2-11
Added Pin To Net: NetName=NetC2_2 Pin=U2-11
Removed Pin From Net: NetName=3.3V Pin=U2-21
Added Pin To Net: NetName=GND Pin=U2-21
Removed Pin From Net: NetName=25PIN Pin=U2-22
Added Pin To Net: NetName=SCL Pin=U2-22
Removed Pin From Net: NetName=26PIN Pin=U2-23
Added Pin To Net: NetName=SDA Pin=U2-23
Removed Pin From Net: NetName=27PIN Pin=U2-24
Added Pin To Net: NetName=3.3V Pin=U2-24
Removed Pin From Net: NetName=28PIN Pin=U2-25
Added Pin To Net: NetName=25PIN Pin=U2-25
