Added Component: Designator=R21(0805)
Added Component: Designator=R22(0805)
Added Component: Designator=S3(SW2)
Added Component: Designator=S5(SW2)
Added Pin To Net: NetName=GND Pin=R21-1
Added Pin To Net: NetName=GND Pin=R22-1
Added Pin To Net: NetName=NetR21_2 Pin=R21-2
Added Pin To Net: NetName=NetR21_2 Pin=S3-1
Added Pin To Net: NetName=NetR21_2 Pin=S3-1
Added Net: Name=NetR21_2
Added Pin To Net: NetName=NetR22_2 Pin=R22-2
Added Pin To Net: NetName=NetR22_2 Pin=S5-1
Added Pin To Net: NetName=NetR22_2 Pin=S5-1
Added Net: Name=NetR22_2
Added Pin To Net: NetName=SW1 Pin=S3-2
Added Pin To Net: NetName=SW1 Pin=S3-2
Added Pin To Net: NetName=SW1 Pin=U2-28
Added Net: Name=SW1
Added Pin To Net: NetName=SW2 Pin=S5-2
Added Pin To Net: NetName=SW2 Pin=S5-2
Added Net: Name=SW2
Added Member To Class: ClassName=Sheet1 Member=Component R21 2.2k
Added Member To Class: ClassName=Sheet1 Member=Component R22 2.2k
Added Member To Class: ClassName=Sheet1 Member=Component S3 SW-PB
Added Member To Class: ClassName=Sheet1 Member=Component S5 SW-PB
Added Room: Name=Sheet1
