Added Component: Designator=S1(SW2)
Added Component: Designator=S2(SW2)
Added Component: Designator=S3(SW2)
Added Component: Designator=S4(SW2)
Added Pin To Net: NetName=USB 5V Pin=-1
Added Pin To Net: NetName=GND Pin=S1-1
Added Pin To Net: NetName=GND Pin=S1-1
Added Pin To Net: NetName=25PIN Pin=S1-2
Added Pin To Net: NetName=25PIN Pin=S1-2
Added Pin To Net: NetName=GND Pin=S2-1
Added Pin To Net: NetName=GND Pin=S2-1
Added Pin To Net: NetName=26PIN Pin=S2-2
Added Pin To Net: NetName=26PIN Pin=S2-2
Added Pin To Net: NetName=GND Pin=S3-1
Added Pin To Net: NetName=GND Pin=S3-1
Added Pin To Net: NetName=27PIN Pin=S3-2
Added Pin To Net: NetName=27PIN Pin=S3-2
Added Pin To Net: NetName=GND Pin=S4-1
Added Pin To Net: NetName=GND Pin=S4-1
Added Pin To Net: NetName=28PIN Pin=S4-2
Added Pin To Net: NetName=28PIN Pin=S4-2
Added Pin To Net: NetName=3.3V Pin=U1-50
Added Member To Class: ClassName=Sheet1 Member=Component S1 SW-PB
Added Member To Class: ClassName=Sheet1 Member=Component S2 SW-PB
Added Member To Class: ClassName=Sheet1 Member=Component S3 SW-PB
Added Member To Class: ClassName=Sheet1 Member=Component S4 SW-PB
Removed Pin From Net: NetName=GND Pin=-4
Added Pin To Net: NetName=GND Pin=-4
Removed Pin From Net: NetName=Net_5 Pin=-5
Added Pin To Net: NetName=Net_5 Pin=-5
Removed Pin From Net: NetName=Net_5 Pin=-6
Added Pin To Net: NetName=Net_5 Pin=-6
