Removed Pin From Net: NetName=SDA Pin=R3-1
Removed Pin From Net: NetName=3.3V Pin=R3-2
Removed Pin From Net: NetName=SCL Pin=R4-1
Removed Pin From Net: NetName=3.3V Pin=R4-2
Removed Pin From Net: NetName=RST Pin=R5-1
Removed Pin From Net: NetName=3.3V Pin=R5-2
Removed Pin From Net: NetName=WAKEUP Pin=R6-1
Removed Pin From Net: NetName=3.3V Pin=R6-2
Removed Pin From Net: NetName=GND Pin=U-1
Removed Pin From Net: NetName=3.3V Pin=U-3
Removed Pin From Net: NetName=GND Pin=U-4
Removed Pin From Net: NetName=3.3V Pin=U-7
Removed Pin From Net: NetName=NetC2_2 Pin=U-8
Removed Pin From Net: NetName=NetC3_2 Pin=U-9
Removed Pin From Net: NetName=3.3V Pin=U-11
Removed Pin From Net: NetName=GND Pin=U-14
Removed Pin From Net: NetName=GND Pin=U-16
Removed Pin From Net: NetName=GND Pin=U-18
Removed Pin From Net: NetName=SCL Pin=U-19
Removed Pin From Net: NetName=SDA Pin=U-20
Removed Pin From Net: NetName=3.3V Pin=U-21
Removed Pin From Net: NetName=25PIN Pin=U-22
Removed Pin From Net: NetName=26PIN Pin=U-23
Removed Pin From Net: NetName=27PIN Pin=U-24
Removed Pin From Net: NetName=28PIN Pin=U-25
Removed Pin From Net: NetName=GND Pin=U-36
Removed Pin From Net: NetName=GND Pin=U-38
Removed Pin From Net: NetName=GND Pin=U-51
Removed Pin From Net: NetName=3.3V Pin=U-53
Removed Member From Class: ClassName=Sheet1 Member=C8
Removed Member From Class: ClassName=Sheet1 Member=RP?
Removed Member From Class: ClassName=Sheet1 Member=U
Change Component Comment : Designator=R4 Old Comment=2.2k New Comment=100K
Change Component Comment : Designator=R3 Old Comment=2.2k New Comment=100K
Change Component Designator: OldDesignator= NewDesignator=1
Change Component Designator: OldDesignator=C1 NewDesignator=C4
Change Component Designator: OldDesignator=C6 NewDesignator=C1
Change Component Designator: OldDesignator=C7 NewDesignator=C5
Change Component Designator: OldDesignator=C8 NewDesignator=C6
Change Component Designator: OldDesignator=R1 NewDesignator=R10
Change Component Designator: OldDesignator=R2 NewDesignator=R1
Change Component Designator: OldDesignator=U2 NewDesignator=U1
Added Component: Designator=DS1(LEDDIP-10)
Added Component: Designator=R2(2012[0805])
Added Component: Designator=R7(2012[0805])
Added Component: Designator=R8(2012[0805])
Added Component: Designator=R9(2012[0805])
Added Component: Designator=R11(2012[0805])
Added Component: Designator=R12(2012[0805])
Added Component: Designator=R13(2012[0805])
Added Component: Designator=R14(2012[0805])
Added Component: Designator=U2(SOP56)
Added Pin To Net: NetName=3.3V Pin=DS1-1
Added Pin To Net: NetName=3.3V Pin=DS1-6
Added Pin To Net: NetName=RST Pin=R11-1
Added Pin To Net: NetName=3.3V Pin=R11-2
Added Pin To Net: NetName=WAKEUP Pin=R12-1
Added Pin To Net: NetName=3.3V Pin=R12-2
Added Pin To Net: NetName=SCL Pin=R13-1
Added Pin To Net: NetName=3.3V Pin=R13-2
Added Pin To Net: NetName=SDA Pin=R14-1
Added Pin To Net: NetName=3.3V Pin=R14-2
Added Pin To Net: NetName=GND Pin=U2-1
Added Pin To Net: NetName=3.3V Pin=U2-3
Added Pin To Net: NetName=GND Pin=U2-4
Added Pin To Net: NetName=3.3V Pin=U2-7
Added Pin To Net: NetName=NetC2_2 Pin=U2-8
Added Pin To Net: NetName=NetC3_2 Pin=U2-9
Added Pin To Net: NetName=3.3V Pin=U2-11
Added Pin To Net: NetName=GND Pin=U2-14
Added Pin To Net: NetName=GND Pin=U2-16
Added Pin To Net: NetName=GND Pin=U2-18
Added Pin To Net: NetName=SCL Pin=U2-19
Added Pin To Net: NetName=SDA Pin=U2-20
Added Pin To Net: NetName=3.3V Pin=U2-21
Added Pin To Net: NetName=25PIN Pin=U2-22
Added Pin To Net: NetName=26PIN Pin=U2-23
Added Pin To Net: NetName=27PIN Pin=U2-24
Added Pin To Net: NetName=28PIN Pin=U2-25
Added Pin To Net: NetName=GND Pin=U2-36
Added Pin To Net: NetName=GND Pin=U2-38
Added Pin To Net: NetName=GND Pin=U2-51
Added Pin To Net: NetName=3.3V Pin=U2-53
Change Net Name : Old Net Name=Net_5 New Net Name=Net1_5
Added Pin To Net: NetName=Net1_2 Pin=1-2
Added Pin To Net: NetName=Net1_2 Pin=U2-13
Added Net: Name=Net1_2
Added Pin To Net: NetName=Net1_3 Pin=1-3
Added Pin To Net: NetName=Net1_3 Pin=U2-12
Added Net: Name=Net1_3
Added Pin To Net: NetName=NetR2_2 Pin=R2-2
Added Pin To Net: NetName=NetR2_2 Pin=U2-50
Added Net: Name=NetR2_2
Added Pin To Net: NetName=NetR3_2 Pin=R3-2
Added Pin To Net: NetName=NetR3_2 Pin=U2-49
Added Net: Name=NetR3_2
Added Pin To Net: NetName=NetR4_2 Pin=R4-2
Added Pin To Net: NetName=NetR4_2 Pin=U2-48
Added Net: Name=NetR4_2
Added Pin To Net: NetName=NetR5_2 Pin=R5-2
Added Pin To Net: NetName=NetR5_2 Pin=U2-47
Added Net: Name=NetR5_2
Added Pin To Net: NetName=NetR6_2 Pin=R6-2
Added Pin To Net: NetName=NetR6_2 Pin=U2-46
Added Net: Name=NetR6_2
Added Pin To Net: NetName=NetR7_2 Pin=R7-2
Added Pin To Net: NetName=NetR7_2 Pin=U2-45
Added Net: Name=NetR7_2
Added Pin To Net: NetName=NetR8_2 Pin=R8-2
Added Pin To Net: NetName=NetR8_2 Pin=U2-44
Added Net: Name=NetR8_2
Added Pin To Net: NetName=NetR9_2 Pin=R9-2
Added Pin To Net: NetName=NetR9_2 Pin=U2-43
Added Net: Name=NetR9_2
Added Member To Class: ClassName=Sheet1 Member=Component C4 4.7nF
Added Member To Class: ClassName=Sheet1 Member=Component DS1 Dpy Red-CA
Added Member To Class: ClassName=Sheet1 Member=Component R7 100K
Added Member To Class: ClassName=Sheet1 Member=Component R8 100K
Added Member To Class: ClassName=Sheet1 Member=Component R9 100K
Added Member To Class: ClassName=Sheet1 Member=Component R10 1M
Added Member To Class: ClassName=Sheet1 Member=Component R11 100k
Added Member To Class: ClassName=Sheet1 Member=Component R12 100k
Added Member To Class: ClassName=Sheet1 Member=Component R13 2.2k
Added Member To Class: ClassName=Sheet1 Member=Component R14 2.2k
Added Member To Class: ClassName=Sheet1 Member=Component U2 U1
Added Room: Name=Sheet1
