Added Component: Designator=C8(C0805)
Added Component: Designator=C9(1608[0603])
Added Component: Designator=C10(1608[0603])
Added Component: Designator=RT2(6-0805)
Added Component: Designator=U6(DIP28)
Added Component: Designator=U7(MHDR2X6)
Added Component: Designator=Y2(R38)
Added Pin To Net: NetName=RES Pin=C8-1
Added Pin To Net: NetName=GND Pin=C8-2
Added Pin To Net: NetName=OSC2 Pin=C9-1
Added Pin To Net: NetName=GND Pin=C9-2
Added Pin To Net: NetName=OSC1 Pin=C10-1
Added Pin To Net: NetName=GND Pin=C10-2
Added Pin To Net: NetName=VCC Pin=RT2-1
Added Pin To Net: NetName=RES Pin=RT2-2
Added Pin To Net: NetName=SDAT Pin=U6-1
Added Pin To Net: NetName=GND Pin=U6-2
Added Pin To Net: NetName=OSC1 Pin=U6-5
Added Pin To Net: NetName=OSC2 Pin=U6-6
Added Pin To Net: NetName=VCC Pin=U6-7
Added Pin To Net: NetName=RES Pin=U6-8
Added Pin To Net: NetName=SDO Pin=U6-13
Added Pin To Net: NetName=SDI Pin=U6-14
Added Pin To Net: NetName=SCK Pin=U6-15
Added Pin To Net: NetName=VCC Pin=U7-1
Added Pin To Net: NetName=RES Pin=U7-2
Added Pin To Net: NetName=SCK Pin=U7-5
Added Pin To Net: NetName=SDAT Pin=U7-9
Added Pin To Net: NetName=GND Pin=U7-11
Added Pin To Net: NetName=OSC2 Pin=Y2-1
Added Pin To Net: NetName=OSC1 Pin=Y2-2
Added Member To Class: ClassName=最小系统 Member=Component C8 Cap Pol3
Added Member To Class: ClassName=最小系统 Member=Component C9 Cap Semi
Added Member To Class: ClassName=最小系统 Member=Component C10 Cap Semi
Added Member To Class: ClassName=最小系统 Member=Component RT2 
Added Member To Class: ClassName=最小系统 Member=Component U6 HT66F50
Added Member To Class: ClassName=最小系统 Member=Component U7 CON12
Added Member To Class: ClassName=最小系统 Member=Component Y2 XTAL
Added Room: Name=最小系统
