Added Component: Designator=C2(0805)
Added Component: Designator=J1(DB_9)
Added Component: Designator=P1(HDR1X20)
Added Component: Designator=P2(PCBComponent_1)
Added Component: Designator=P3(PCBComponent_1)
Added Component: Designator=U6(DIP28)
Added Pin To Net: NetName=NetC2_1 Pin=C2-1
Added Pin To Net: NetName=NetC2_2 Pin=C2-2
Added Pin To Net: NetName=T2OUT Pin=J1-2
Added Pin To Net: NetName=R2IN Pin=J1-3
Added Pin To Net: NetName=DGND+5 Pin=J1-5
Added Pin To Net: NetName=GND Pin=P1-1
Added Pin To Net: NetName=VCC Pin=P1-2
Added Pin To Net: NetName=DB0 Pin=P1-7
Added Pin To Net: NetName=DB1 Pin=P1-8
Added Pin To Net: NetName=DB2 Pin=P1-9
Added Pin To Net: NetName=DB3 Pin=P1-10
Added Pin To Net: NetName=DB4 Pin=P1-11
Added Pin To Net: NetName=DB5 Pin=P1-12
Added Pin To Net: NetName=DB6 Pin=P1-13
Added Pin To Net: NetName=DB7 Pin=P1-14
Added Pin To Net: NetName=VCC Pin=P1-15
Added Pin To Net: NetName=VCC Pin=P1-16
Added Pin To Net: NetName=GND Pin=P1-19
Added Pin To Net: NetName=VCC Pin=P1-20
Added Pin To Net: NetName=DB0 Pin=U6-1
Added Pin To Net: NetName=GND Pin=U6-2
Added Pin To Net: NetName=OSC1 Pin=U6-5
Added Pin To Net: NetName=OSC2 Pin=U6-6
Added Pin To Net: NetName=VCC Pin=U6-7
Added Pin To Net: NetName=RES Pin=U6-8
Added Pin To Net: NetName=SDO Pin=U6-13
Added Pin To Net: NetName=SDI Pin=U6-14
Added Pin To Net: NetName=SCK Pin=U6-15
Added Pin To Net: NetName=CS Pin=U6-21
Added Pin To Net: NetName=DB7 Pin=U6-22
Added Pin To Net: NetName=DB6 Pin=U6-23
Added Pin To Net: NetName=DB5 Pin=U6-24
Added Pin To Net: NetName=DB4 Pin=U6-25
Added Pin To Net: NetName=DB3 Pin=U6-26
Added Pin To Net: NetName=DB2 Pin=U6-27
Added Pin To Net: NetName=DB1 Pin=U6-28
Added Member To Class: ClassName=盛群杯 Member=Component C2 Cap
Added Member To Class: ClassName=盛群杯 Member=Component J1 DB9
Added Member To Class: ClassName=盛群杯 Member=Component P1 Header 20H
Added Member To Class: ClassName=盛群杯 Member=Component P2 MHDR1X2
Added Member To Class: ClassName=盛群杯 Member=Component P3 MHDR1X2
Added Member To Class: ClassName=最小系统 Member=Component U6 HT66F50
Added Room: Name=盛群杯
Added Room: Name=最小系统
