Added Component: Designator=C16(0805)
Added Component: Designator=C17(0805)
Added Component: Designator=C19(0805)
Added Component: Designator=C20(0805)
Added Component: Designator=C?(C0805)
Added Component: Designator=C?(1608[0603])
Added Component: Designator=C?(1608[0603])
Added Component: Designator=J?(DB_9)
Added Component: Designator=P1(PCBComponent_1)
Added Component: Designator=P2(HDR1X20H)
Added Component: Designator=P5(PCBComponent_1)
Added Component: Designator=RT?(6-0805)
Added Component: Designator=U10(MHDR2X6)
Added Component: Designator=Y?(R38)
Added Net: Name=CS
Added Pin To Net: NetName=DB0 Pin=P2-7
Added Net: Name=DB0
Added Pin To Net: NetName=DB1 Pin=P2-8
Added Net: Name=DB1
Added Pin To Net: NetName=DB2 Pin=P2-9
Added Net: Name=DB2
Added Pin To Net: NetName=DB3 Pin=P2-10
Added Net: Name=DB3
Added Pin To Net: NetName=DB4 Pin=P2-11
Added Net: Name=DB4
Added Pin To Net: NetName=DB5 Pin=P2-12
Added Net: Name=DB5
Added Pin To Net: NetName=DB6 Pin=P2-13
Added Net: Name=DB6
Added Pin To Net: NetName=DB7 Pin=P2-14
Added Net: Name=DB7
Added Pin To Net: NetName=DGND+5 Pin=C17-2
Added Pin To Net: NetName=DGND+5 Pin=C20-2
Added Pin To Net: NetName=DGND+5 Pin=J?-5
Added Net: Name=DGND+5
Added Net: Name=DVCC+3.3
Added Pin To Net: NetName=GND Pin=C?-2
Added Pin To Net: NetName=GND Pin=C?-2
Added Pin To Net: NetName=GND Pin=C?-2
Added Pin To Net: NetName=GND Pin=P2-1
Added Pin To Net: NetName=GND Pin=P2-19
Added Pin To Net: NetName=GND Pin=U10-11
Added Net: Name=GND
Added Pin To Net: NetName=NetC16_1 Pin=C16-1
Added Net: Name=NetC16_1
Added Pin To Net: NetName=NetC16_2 Pin=C16-2
Added Net: Name=NetC16_2
Added Pin To Net: NetName=NetC17_1 Pin=C17-1
Added Net: Name=NetC17_1
Added Pin To Net: NetName=NetC19_1 Pin=C19-1
Added Net: Name=NetC19_1
Added Pin To Net: NetName=NetC19_2 Pin=C19-2
Added Net: Name=NetC19_2
Added Pin To Net: NetName=NetC20_1 Pin=C20-1
Added Net: Name=NetC20_1
Added Pin To Net: NetName=NetP1_1 Pin=P1-1
Added Net: Name=NetP1_1
Added Pin To Net: NetName=NetP1_2 Pin=P1-2
Added Net: Name=NetP1_2
Added Pin To Net: NetName=NetP5_1 Pin=P5-1
Added Net: Name=NetP5_1
Added Pin To Net: NetName=NetP5_2 Pin=P5-2
Added Net: Name=NetP5_2
Added Pin To Net: NetName=OSC1 Pin=C?-1
Added Pin To Net: NetName=OSC1 Pin=Y?-2
Added Net: Name=OSC1
Added Pin To Net: NetName=OSC2 Pin=C?-1
Added Pin To Net: NetName=OSC2 Pin=Y?-1
Added Net: Name=OSC2
Added Pin To Net: NetName=R2IN Pin=J?-3
Added Net: Name=R2IN
Added Net: Name=R2OUT
Added Pin To Net: NetName=RESB Pin=U10-2
Added Net: Name=RESB
Added Pin To Net: NetName=RES Pin=C?-1
Added Pin To Net: NetName=RES Pin=RT?-2
Added Net: Name=RES
Added Net: Name=SCK
Added Pin To Net: NetName=SCLK Pin=U10-5
Added Net: Name=SCLK
Added Pin To Net: NetName=SDAT Pin=U10-9
Added Net: Name=SDAT
Added Net: Name=SDI
Added Net: Name=SDO
Added Net: Name=T2IN
Added Pin To Net: NetName=T2OUT Pin=J?-2
Added Net: Name=T2OUT
Added Pin To Net: NetName=VCC Pin=P2-2
Added Pin To Net: NetName=VCC Pin=P2-15
Added Pin To Net: NetName=VCC Pin=P2-16
Added Pin To Net: NetName=VCC Pin=P2-20
Added Pin To Net: NetName=VCC Pin=RT?-1
Added Pin To Net: NetName=VCC Pin=U10-1
Added Net: Name=VCC
Added Class: Name=Ê¢Èº±­
Added Room: Name=Ê¢Èº±­
