Removed Member From Class: ClassName=盛群杯 Member=U10
Change Component Footprint: Designator=P2 Old Footprint=HDR1X20H New Footprint=HDR1X20
Added Component: Designator=C1(1608[0603])
Added Component: Designator=C2(1608[0603])
Added Component: Designator=C?(C0805)
Added Component: Designator=P1(PCBComponent_1)
Added Component: Designator=P5(PCBComponent_1)
Added Component: Designator=RT?(6-0805)
Added Component: Designator=Y?(R38)
Added Pin To Net: NetName=OSC2 Pin=C1-1
Added Pin To Net: NetName=GND Pin=C1-2
Added Pin To Net: NetName=OSC1 Pin=C2-1
Added Pin To Net: NetName=GND Pin=C2-2
Added Pin To Net: NetName=GND Pin=C?-2
Added Pin To Net: NetName=GND Pin=C?-2
Added Pin To Net: NetName=GND Pin=C?-2
Added Pin To Net: NetName=NetP1_1 Pin=P1-1
Added Pin To Net: NetName=NetP1_2 Pin=P1-2
Added Pin To Net: NetName=NetP5_1 Pin=P5-1
Added Pin To Net: NetName=NetP5_2 Pin=P5-2
Added Pin To Net: NetName=VCC Pin=RT?-1
Added Pin To Net: NetName=RES Pin=RT?-2
Added Pin To Net: NetName=VCC Pin=U10-1
Added Pin To Net: NetName=SCK Pin=U10-5
Added Pin To Net: NetName=SCK Pin=U10-5
Added Pin To Net: NetName=DB0 Pin=U10-9
Added Pin To Net: NetName=DB0 Pin=U10-9
Added Pin To Net: NetName=GND Pin=U10-11
Added Pin To Net: NetName=OSC2 Pin=Y?-1
Added Pin To Net: NetName=OSC1 Pin=Y?-2
Added Class: Name=最小系统
Added Member To Class: ClassName=盛群杯 Member=Component C? Cap Semi
Added Member To Class: ClassName=盛群杯 Member=Component C? Cap Pol3
Added Member To Class: ClassName=盛群杯 Member=Component P1 MHDR1X2
Added Member To Class: ClassName=盛群杯 Member=Component P5 MHDR1X2
Added Room: Name=盛群杯
Added Room: Name=最小系统
Removed Pin From Net: NetName=RESB Pin=U10-2
Added Pin To Net: NetName=RES Pin=U10-2
