.\Debug\main.ilk
.\Debug\main.pdb
D:\我的项目\指纹识别上位机\main\.\Debug\main.exe
D:\我的项目\指纹识别上位机\main\.\Debug\main.exe.intermediate.manifest
D:\我的项目\指纹识别上位机\main\Debug\cl.command.1.tlog
D:\我的项目\指纹识别上位机\main\Debug\CL.read.1.tlog
D:\我的项目\指纹识别上位机\main\Debug\CL.write.1.tlog
D:\我的项目\指纹识别上位机\MAIN\DEBUG\DIB.OBJ
D:\我的项目\指纹识别上位机\MAIN\DEBUG\DYMATIC.OBJ
D:\我的项目\指纹识别上位机\MAIN\DEBUG\FEATURE.OBJ
D:\我的项目\指纹识别上位机\MAIN\DEBUG\FPMATH.OBJ
D:\我的项目\指纹识别上位机\main\Debug\link.command.1.tlog
D:\我的项目\指纹识别上位机\main\Debug\link.read.1.tlog
D:\我的项目\指纹识别上位机\main\Debug\link.write.1.tlog
D:\我的项目\指纹识别上位机\main\Debug\link-cvtres.read.1.tlog
D:\我的项目\指纹识别上位机\main\Debug\link-cvtres.write.1.tlog
D:\我的项目\指纹识别上位机\MAIN\DEBUG\MAIN.EXE
D:\我的项目\指纹识别上位机\MAIN\DEBUG\MAIN.EXE.EMBED.MANIFEST
D:\我的项目\指纹识别上位机\MAIN\DEBUG\MAIN.EXE.EMBED.MANIFEST.RES
D:\我的项目\指纹识别上位机\MAIN\DEBUG\MAIN.EXE.INTERMEDIATE.MANIFEST
D:\我的项目\指纹识别上位机\MAIN\DEBUG\MAIN.ILK
D:\我的项目\指纹识别上位机\MAIN\DEBUG\MAIN.OBJ
D:\我的项目\指纹识别上位机\MAIN\DEBUG\MAIN.PCH
D:\我的项目\指纹识别上位机\MAIN\DEBUG\MAIN.PDB
D:\我的项目\指纹识别上位机\MAIN\DEBUG\MAIN.RES
D:\我的项目\指纹识别上位机\main\Debug\main_manifest.rc
D:\我的项目\指纹识别上位机\MAIN\DEBUG\MAINDLG.OBJ
D:\我的项目\指纹识别上位机\MAIN\DEBUG\MSCOMM1.OBJ
D:\我的项目\指纹识别上位机\main\Debug\mt.command.1.tlog
D:\我的项目\指纹识别上位机\main\Debug\mt.read.1.tlog
D:\我的项目\指纹识别上位机\main\Debug\mt.write.1.tlog
D:\我的项目\指纹识别上位机\MAIN\DEBUG\PATTENMATCH.OBJ
D:\我的项目\指纹识别上位机\MAIN\DEBUG\PROCESS.OBJ
D:\我的项目\指纹识别上位机\main\Debug\rc.command.1.tlog
D:\我的项目\指纹识别上位机\main\Debug\rc.read.1.tlog
D:\我的项目\指纹识别上位机\main\Debug\rc.write.1.tlog
D:\我的项目\指纹识别上位机\MAIN\DEBUG\SERIAL.OBJ
D:\我的项目\指纹识别上位机\MAIN\DEBUG\STDAFX.OBJ
D:\我的项目\指纹识别上位机\main\Debug\vc100.idb
D:\我的项目\指纹识别上位机\MAIN\DEBUG\VC100.PDB
