C51 COMPILER V6.12  __≤__–_____È                                                           02/03/2012 09:20:17 PAGE 1   


C51 COMPILER V6.12, COMPILATION OF MODULE __≤__–_____È
OBJECT MODULE PLACED IN .\Õ‚≤ø÷–∂œ µ—È.OBJ
COMPILER INVOKED BY: F:\»Ìº˛\keil C\C51\BIN\C51.EXE .\Õ‚≤ø÷–∂œ µ—È.c DEBUG OBJECTEXTEND

stmt level    source

   1          //¿˚”√µºÃÂΩ”¥•P32 ∑‰√˘∆˜œÏ
   2          #include <reg52.h>
   3          #define uchar unsigned char
   4          #define uint unsigned int
   5          
   6          sbit  beep=P1^6;
   7          void delay(uchar dly)
   8          {
   9   1      	uchar i,j;
  10   1      	for(i=255;i>0;i--)
  11   1      		for(j=dly;j>0;j--) ;
  12   1      }
  13          void main()
  14          {	
  15   1              EA=1;
  16   1      		EX0=1;
  17   1      		IT0=0;
  18   1      	   
  19   1      		while(1)
  20   1      		{
  21   2      		
  22   2      	
  23   2      		}  
  24   1      }
  25          void   exter0()  interrupt    0
  26          {
  27   1      	beep=0;
  28   1          delay(100);
  29   1       	beep=1;	
  30   1      }


MODULE INFORMATION:   STATIC OVERLAYABLE
   CODE SIZE        =     57    ----
   CONSTANT SIZE    =   ----    ----
   XDATA SIZE       =   ----    ----
   PDATA SIZE       =   ----    ----
   DATA SIZE        =   ----    ----
   IDATA SIZE       =   ----    ----
   BIT SIZE         =   ----    ----
END OF MODULE INFORMATION.


C51 COMPILATION COMPLETE.  0 WARNING(S),  0 ERROR(S)
