Removed Pin From Net: NetName=D Pin=*-12
Removed Pin From Net: NetName=E Pin=*-13
Removed Pin From Net: NetName=G Pin=*-14
Removed Pin From Net: NetName=F Pin=*-15
Removed Pin From Net: NetName=A Pin=R2-1
Removed Pin From Net: NetName=B Pin=R4-1
Removed Pin From Net: NetName=C Pin=R5-1
Removed Pin From Net: NetName=D Pin=R6-1
Removed Pin From Net: NetName=E Pin=R7-1
Removed Pin From Net: NetName=F Pin=R9-1
Removed Pin From Net: NetName=G Pin=R10-1
Removed Member From Class: ClassName=Sheet2 Member=R11
Added Pin To Net: NetName=F Pin=DS1-2
Added Pin To Net: NetName=G Pin=DS1-3
Added Pin To Net: NetName=E Pin=DS1-4
Added Pin To Net: NetName=D Pin=DS1-5
Added Pin To Net: NetName=C Pin=DS1-8
Added Pin To Net: NetName=B Pin=DS1-9
Added Pin To Net: NetName=A Pin=DS1-10
Added Pin To Net: NetName=F Pin=R6-2
Added Pin To Net: NetName=G Pin=R7-2
Added Pin To Net: NetName=E Pin=R9-2
Added Pin To Net: NetName=D Pin=R10-2
Added Pin To Net: NetName=Net*_12 Pin=*-12
Added Pin To Net: NetName=Net*_12 Pin=R10-1
Added Net: Name=Net*_12
Added Pin To Net: NetName=Net*_13 Pin=*-13
Added Pin To Net: NetName=Net*_13 Pin=R9-1
Added Net: Name=Net*_13
Added Pin To Net: NetName=Net*_14 Pin=*-14
Added Pin To Net: NetName=Net*_14 Pin=R7-1
Added Net: Name=Net*_14
Added Pin To Net: NetName=Net*_15 Pin=*-15
Added Pin To Net: NetName=Net*_15 Pin=R6-1
Added Net: Name=Net*_15
Added Pin To Net: NetName=Net*_16 Pin=*-16
Added Pin To Net: NetName=Net*_16 Pin=R5-1
Added Net: Name=Net*_16
Added Pin To Net: NetName=Net*_17 Pin=*-17
Added Pin To Net: NetName=Net*_17 Pin=R4-1
Added Net: Name=Net*_17
Added Pin To Net: NetName=Net*_18 Pin=*-18
Added Pin To Net: NetName=Net*_18 Pin=R2-1
Added Net: Name=Net*_18
Added Room: Name=Sheet2
