Change Component Designator: Old Designator=C3 New Designator=C16
Change Component Designator: Old Designator=C4 New Designator=C21
Change Component Designator: Old Designator=C7 New Designator=C17
Change Component Designator: Old Designator=C9 New Designator=C14
Change Component Designator: Old Designator=C11 New Designator=C22
Change Component Designator: Old Designator=C12 New Designator=C15
Change Component Designator: Old Designator=C13 New Designator=C24
Change Component Designator: Old Designator=C16 New Designator=C19
Change Component Designator: Old Designator=C18 New Designator=C25
Change Component Designator: Old Designator=C19 New Designator=C27
Change Component Designator: Old Designator=C20 New Designator=C10
Change Component Designator: Old Designator=C21 New Designator=C12
Change Component Designator: Old Designator=C22 New Designator=C11
Change Component Designator: Old Designator=C23 New Designator=C9
Change Component Designator: Old Designator=C24 New Designator=C13
Change Component Designator: Old Designator=C25 New Designator=C8
Change Component Designator: Old Designator=C27 New Designator=C18
Change Component Designator: Old Designator=C28 New Designator=C20
Change Component Designator: Old Designator=C39 New Designator=C23
Change Component Designator: Old Designator=CA2 New Designator=CA4
Change Component Designator: Old Designator=CA4 New Designator=CA2
Change Component Designator: Old Designator=CA5 New Designator=CA1
Change Component Designator: Old Designator=CA6 New Designator=CA12
Change Component Designator: Old Designator=CA7 New Designator=CA13
Change Component Designator: Old Designator=CA8 New Designator=CA14
Change Component Designator: Old Designator=CA9 New Designator=CA15
Change Component Designator: Old Designator=CA10 New Designator=CA11
Change Component Designator: Old Designator=CA11 New Designator=CA16
Change Component Designator: Old Designator=CA12 New Designator=CA17
Change Component Designator: Old Designator=CA15 New Designator=CA5
Change Component Designator: Old Designator=CA16 New Designator=CA6
Change Component Designator: Old Designator=CA17 New Designator=CA7
Change Component Designator: Old Designator=CA18 New Designator=CA8
Change Component Designator: Old Designator=CA19 New Designator=CA9
Change Component Designator: Old Designator=CA20 New Designator=CA10
Change Component Designator: Old Designator=Power New Designator=Power1
Change Component Designator: Old Designator=R1 New Designator=R16
Change Component Designator: Old Designator=R10 New Designator=R15
Change Component Designator: Old Designator=R31 New Designator=R19
Change Component Designator: Old Designator=R32 New Designator=R18
Change Component Designator: Old Designator=R33 New Designator=R17
Change Component Designator: Old Designator=U3 New Designator=U4
Change Component Designator: Old Designator=U4 New Designator=U3
