Added Component: Designator=C?(3.5X2.8X1.9)
Added Component: Designator=C?(6-0805)
Added Component: Designator=C?(2012[0805])
Added Component: Designator=P10(HDR1X2)
Added Component: Designator=P?(HDR1X3)
Added Component: Designator=P?(HDR1X5)
Added Component: Designator=P?(HDR1X3)
Added Component: Designator=P?(HDR1X3)
Added Component: Designator=P?(HDR1X5)
Added Component: Designator=P?(HDR1X2)
Added Component: Designator=R?(AXIAL-0.4)
Added Component: Designator=S?(SPST-2)
Added Component: Designator=U?(LQLPF44)
Added Component: Designator=Y?(RAD-0.4)
Added Pin To Net: NetName=CLKOUT0 Pin=U?-10
Added Net: Name=CLKOUT0
Added Pin To Net: NetName=CLKOUT1 Pin=U?-11
Added Net: Name=CLKOUT1
Added Pin To Net: NetName=DATA Pin=U?-24
Added Net: Name=DATA
Added Pin To Net: NetName=FU_UD Pin=U?-23
Added Net: Name=FU_UD
Added Pin To Net: NetName=GND Pin=C?-1
Added Pin To Net: NetName=GND Pin=C?-1
Added Pin To Net: NetName=GND Pin=P10-1
Added Pin To Net: NetName=GND Pin=P?-1
Added Pin To Net: NetName=GND Pin=P?-1
Added Pin To Net: NetName=GND Pin=P?-1
Added Pin To Net: NetName=GND Pin=P?-2
Added Pin To Net: NetName=GND Pin=P?-2
Added Pin To Net: NetName=GND Pin=R?-1
Added Pin To Net: NetName=GND Pin=U?-16
Added Net: Name=GND
Added Pin To Net: NetName=INT0 Pin=P?-2
Added Pin To Net: NetName=INT0 Pin=U?-8
Added Net: Name=INT0
Added Pin To Net: NetName=INT1 Pin=P?-1
Added Pin To Net: NetName=INT1 Pin=U?-9
Added Net: Name=INT1
Added Pin To Net: NetName=NetC?_2 Pin=C?-2
Added Pin To Net: NetName=NetC?_2 Pin=U?-15
Added Pin To Net: NetName=NetC?_2 Pin=Y?-2
Added Net: Name=NetC?_2
Added Pin To Net: NetName=P1.0 Pin=U?-40
Added Net: Name=P1.0
Added Pin To Net: NetName=P1.1 Pin=U?-41
Added Net: Name=P1.1
Added Pin To Net: NetName=P1.2 Pin=U?-42
Added Net: Name=P1.2
Added Pin To Net: NetName=P1.3 Pin=U?-43
Added Net: Name=P1.3
Added Pin To Net: NetName=P1.4 Pin=U?-44
Added Net: Name=P1.4
Added Pin To Net: NetName=P1.5 Pin=U?-1
Added Net: Name=P1.5
Added Pin To Net: NetName=P1.6 Pin=U?-2
Added Net: Name=P1.6
Added Pin To Net: NetName=P1.7 Pin=U?-3
Added Net: Name=P1.7
Added Pin To Net: NetName=P2.0 Pin=U?-18
Added Net: Name=P2.0
Added Pin To Net: NetName=P2.1 Pin=U?-19
Added Net: Name=P2.1
Added Pin To Net: NetName=P2.2 Pin=U?-20
Added Net: Name=P2.2
Added Pin To Net: NetName=P2.3 Pin=P?-2
Added Pin To Net: NetName=P2.3 Pin=U?-21
Added Net: Name=P2.3
Added Pin To Net: NetName=P2.4 Pin=P?-1
Added Pin To Net: NetName=P2.4 Pin=U?-22
Added Net: Name=P2.4
Added Pin To Net: NetName=QOUT1 Pin=P?-2
Added Net: Name=QOUT1
Added Net: Name=QOUT2
Added Net: Name=RESET
Added Pin To Net: NetName=RST Pin=C?-2
Added Pin To Net: NetName=RST Pin=R?-2
Added Pin To Net: NetName=RST Pin=S?-1
Added Pin To Net: NetName=RST Pin=U?-4
Added Net: Name=RST
Added Pin To Net: NetName=RXD Pin=U?-5
Added Net: Name=RXD
Added Pin To Net: NetName=TXD Pin=P?-1
Added Pin To Net: NetName=TXD Pin=U?-7
Added Net: Name=TXD
Added Pin To Net: NetName=VCC Pin=C?-1
Added Pin To Net: NetName=VCC Pin=S?-2
Added Pin To Net: NetName=VCC Pin=U?-38
Added Net: Name=VCC
Added Pin To Net: NetName=VDD Pin=P10-2
Added Pin To Net: NetName=VDD Pin=P?-1
Added Net: Name=VDD
Added Pin To Net: NetName=ZOUT1 Pin=P?-2
Added Net: Name=ZOUT1
Added Net: Name=ZOUT2
Added Class: Name=Sheet1
Added Room: Name=Sheet1
