Added Component: Designator=U2(ADMK)
Added Pin To Net: NetName=GND Pin=U2-1
Added Pin To Net: NetName=P1.7 Pin=U2-2
Added Pin To Net: NetName=P1.6 Pin=U2-3
Added Pin To Net: NetName=P1.5 Pin=U2-4
Added Pin To Net: NetName=P1.4 Pin=U2-5
Added Pin To Net: NetName=P1.3 Pin=U2-6
Added Pin To Net: NetName=P1.2 Pin=U2-7
Added Pin To Net: NetName=P1.1 Pin=U2-8
Added Pin To Net: NetName=P1.0 Pin=U2-9
Added Pin To Net: NetName=VCC Pin=U2-10
Added Pin To Net: NetName=VCC Pin=U2-11
Added Pin To Net: NetName=CLKOUT1 Pin=U2-12
Added Pin To Net: NetName=DATA Pin=U2-13
Added Pin To Net: NetName=FU_UD Pin=U2-14
Added Pin To Net: NetName=RESET Pin=U2-15
Added Pin To Net: NetName=GND Pin=U2-16
Added Pin To Net: NetName=QOUT1 Pin=U2-17
Added Pin To Net: NetName=QOUT2 Pin=U2-18
Added Pin To Net: NetName=ZOUT1 Pin=U2-19
Added Pin To Net: NetName=ZOUT2 Pin=U2-20
Added Member To Class: ClassName=Sheet1 Member=Component U2 AD9850
Added Room: Name=Sheet1
