(---------------------------------------------------------------------)
(                                                                     )
(    Allegro Netrev Import Logic                                      )
(                                                                     )
(    Drawing          : unnamed.brd                                   )
(    Software Version : 16.5P002                                      )
(    Date/Time        : Sun Apr 06 11:39:39 2014                      )
(                                                                     )
(---------------------------------------------------------------------)


------ Directives ------

RIPUP_ETCH FALSE;
RIPUP_DELETE_FIRST_SEGMENT FALSE;
RIPUP_RETAIN_BONDWIRE FALSE;
RIPUP_SYMBOLS ALWAYS;
Missing symbol has error FALSE;
SCHEMATIC_DIRECTORY 'D:/我的项目/指纹接口/allegro';
BOARD_DIRECTORY '';
OLD_BOARD_NAME 'D:/我的项目/指纹接口/unnamed.brd';
NEW_BOARD_NAME 'D:/我的项目/指纹接口/unnamed.brd';

CmdLine: netrev -$ -i D:/我的项目/指纹接口/allegro -y 1 D:/我的项目/指纹接口/#Taaaaaa10112.tmp

------ Preparing to read pst files ------

Starting to read D:/我的项目/指纹接口/allegro/pstchip.dat 
   Finished reading D:/我的项目/指纹接口/allegro/pstchip.dat (00:00:00.10)
Starting to read D:/我的项目/指纹接口/allegro/pstxprt.dat 
   Finished reading D:/我的项目/指纹接口/allegro/pstxprt.dat (00:00:00.00)
Starting to read D:/我的项目/指纹接口/allegro/pstxnet.dat 
   Finished reading D:/我的项目/指纹接口/allegro/pstxnet.dat (00:00:00.00)

------ Oversights/Warnings/Errors ------


------ Library Paths ------
MODULEPATH =  . 
           G:/cad/share/local/pcb/modules 

PSMPATH =  . 
           symbols 
           .. 
           ../symbols 
           G:/cad/share/local/pcb/symbols 
           G:/cad/share/pcb/pcb_lib/symbols 
           G:/cad/share/pcb/allegrolib/symbols 
           D:\我的项目\指纹接口\ 

PADPATH =  . 
           symbols 
           .. 
           ../symbols 
           G:/cad/share/local/pcb/padstacks 
           G:/cad/share/pcb/pcb_lib/symbols 
           G:/cad/share/pcb/allegrolib/symbols 
           D:\我的项目\指纹接口\ 


------ Summary Statistics ------


netrev run on Apr 6 11:39:38 2014
   DESIGN NAME : 'INTERFACE'
   PACKAGING ON Apr 21 2011 10:02:30

   COMPILE 'logic'
   CHECK_PIN_NAMES OFF
   CROSS_REFERENCE OFF
   FEEDBACK OFF
   INCREMENTAL OFF
   INTERFACE_TYPE PHYSICAL
   MAX_ERRORS 500
   MERGE_MINIMUM 5
   NET_NAME_CHARS '#%&()*+-./:=>?@[]^_`|'
   NET_NAME_LENGTH 24
   OVERSIGHTS ON
   REPLACE_CHECK OFF
   SINGLE_NODE_NETS ON
   SPLIT_MINIMUM 0
   SUPPRESS   20
   WARNINGS ON

 No error detected
 No oversight detected
 No warning detected

cpu time      0:00:56
elapsed time  0:00:01

