Sun Apr 06 11:16:27 2014				Page     1


 
Update Symbols/Modules Logfile
	Sun Apr 06 11:16:27 2014

------ Module Refresh Messages ------

SUMMARY:    Updated 0 out of 0 modules

------ End Module Messages     ------



(---------------------------------------------------------------------)
(                                                                     )
(    Refresh Symbol                                                   )
(                                                                     )
(    Drawing          : unnamed.brd                                   )
(    Software Version : 16.5P002                                      )
(    Date/Time        : Sun Apr 06 11:16:28 2014                      )
(                                                                     )
(---------------------------------------------------------------------)


Sun Apr 06 11:16:28 2014				Page     1


------ Symbol Refresh Directives ------

Input design = 'D:/我的项目/指纹接口/unnamed.brd'
Output design = ''
Update mechanical symbols = 'NO'
Update format symbols = 'NO'
Update package symbols = 'NO'
Update shape/flash symbols = 'NO'
Update symbol padstacks = 'NO'
Reset symbol text and size locations = 'NO'
Reset Pin Escapes (fanouts) = 'NO'
Ripup Etch = 'NO'
Reset custom drill data = 'NO'
Symbol list file = 'G:/AppData/Local/Temp/#Taaaaae09432.tmp'


------ Library Paths ------
PSMPATH =  . 
           symbols 
           .. 
           ../symbols 
           G:/cad/share/local/pcb/symbols 
           G:/cad/share/pcb/pcb_lib/symbols 
           G:/cad/share/pcb/allegrolib/symbols 
           D:\我的项目\指纹接口\ 

PADPATH =  . 
           symbols 
           .. 
           ../symbols 
           G:/cad/share/local/pcb/padstacks 
           G:/cad/share/pcb/pcb_lib/symbols 
           G:/cad/share/pcb/allegrolib/symbols 
           D:\我的项目\指纹接口\ 


------ Symbol Refresh Messages ------

'FPC16'  symbol refreshed successfully.


----- Symbol Update Summary ----

Completed refreshing all symbols successfully.
