Added Component: Designator=P1(FPC16)
Added Component: Designator=P2(H20X1 2.0)
Added Pin To Net: NetName=CAMCLK Pin=P1-5
Added Pin To Net: NetName=CAMCLK Pin=P2-5
Added Pin To Net: NetName=CAMCLK Pin=P2-8
Added Net: Name=CAMCLK
Added Pin To Net: NetName=CAMDATA0 Pin=P1-16
Added Pin To Net: NetName=CAMDATA0 Pin=P2-16
Added Net: Name=CAMDATA0
Added Pin To Net: NetName=CAMDATA1 Pin=P1-15
Added Pin To Net: NetName=CAMDATA1 Pin=P2-15
Added Net: Name=CAMDATA1
Added Pin To Net: NetName=CAMDATA2 Pin=P1-14
Added Pin To Net: NetName=CAMDATA2 Pin=P2-14
Added Net: Name=CAMDATA2
Added Pin To Net: NetName=CAMDATA3 Pin=P1-13
Added Pin To Net: NetName=CAMDATA3 Pin=P2-13
Added Net: Name=CAMDATA3
Added Pin To Net: NetName=CAMDATA4 Pin=P1-12
Added Pin To Net: NetName=CAMDATA4 Pin=P2-12
Added Net: Name=CAMDATA4
Added Pin To Net: NetName=CAMDATA5 Pin=P1-11
Added Pin To Net: NetName=CAMDATA5 Pin=P2-11
Added Net: Name=CAMDATA5
Added Pin To Net: NetName=CAMDATA6 Pin=P1-10
Added Pin To Net: NetName=CAMDATA6 Pin=P2-10
Added Net: Name=CAMDATA6
Added Pin To Net: NetName=CAMDATA7 Pin=P1-9
Added Pin To Net: NetName=CAMDATA7 Pin=P2-9
Added Net: Name=CAMDATA7
Added Pin To Net: NetName=CAMHREF Pin=P1-4
Added Pin To Net: NetName=CAMHREF Pin=P2-6
Added Net: Name=CAMHREF
Added Pin To Net: NetName=CAMSYNC Pin=P1-6
Added Pin To Net: NetName=CAMSYNC Pin=P2-7
Added Net: Name=CAMSYNC
Added Pin To Net: NetName=GAMSTR Pin=P2-4
Added Net: Name=GAMSTR
Added Pin To Net: NetName=GND Pin=P1-2
Added Pin To Net: NetName=GND Pin=P2-20
Added Net: Name=GND
Added Pin To Net: NetName=GP14 Pin=P2-3
Added Net: Name=GP14
Added Pin To Net: NetName=SCK Pin=P1-7
Added Pin To Net: NetName=SCK Pin=P2-2
Added Net: Name=SCK
Added Pin To Net: NetName=SDA Pin=P1-8
Added Pin To Net: NetName=SDA Pin=P2-1
Added Net: Name=SDA
Added Pin To Net: NetName=VDD1.8 Pin=P2-19
Added Net: Name=VDD1.8
Added Pin To Net: NetName=VDD33 Pin=P1-1
Added Pin To Net: NetName=VDD33 Pin=P1-3
Added Pin To Net: NetName=VDD33 Pin=P2-17
Added Pin To Net: NetName=VDD33 Pin=P2-18
Added Net: Name=VDD33
Added Class: Name=footprint
Added Room: Name=footprint
