Added Room: Name=footprint
Removed Pin From Net: NetName=CAMDATA1 Pin=P1-2
Added Pin To Net: NetName=GND Pin=P1-2
Removed Pin From Net: NetName=CAMDATA2 Pin=P1-3
Added Pin To Net: NetName=CAMCLK Pin=P1-3
Removed Pin From Net: NetName=CAMDATA3 Pin=P1-4
Added Pin To Net: NetName=CAMPCLK Pin=P1-4
Removed Pin From Net: NetName=CAMDATA4 Pin=P1-5
Added Pin To Net: NetName=CAMHREF Pin=P1-5
Removed Pin From Net: NetName=CAMDATA5 Pin=P1-6
Added Pin To Net: NetName=CAMSYNC Pin=P1-6
Removed Pin From Net: NetName=CAMDATA6 Pin=P1-7
Added Pin To Net: NetName=SCK Pin=P1-7
Removed Pin From Net: NetName=CAMDATA7 Pin=P1-8
Added Pin To Net: NetName=SDA Pin=P1-8
Removed Pin From Net: NetName=SDA Pin=P1-9
Added Pin To Net: NetName=CAMDATA7 Pin=P1-9
Removed Pin From Net: NetName=SCK Pin=P1-10
Added Pin To Net: NetName=CAMDATA6 Pin=P1-10
Removed Pin From Net: NetName=CAMSYNC Pin=P1-11
Added Pin To Net: NetName=CAMDATA5 Pin=P1-11
Removed Pin From Net: NetName=CAMHREF Pin=P1-12
Added Pin To Net: NetName=CAMDATA4 Pin=P1-12
Removed Pin From Net: NetName=CAMPCLK Pin=P1-13
Added Pin To Net: NetName=CAMDATA3 Pin=P1-13
Removed Pin From Net: NetName=CAMCLK Pin=P1-14
Added Pin To Net: NetName=CAMDATA2 Pin=P1-14
Removed Pin From Net: NetName=GND Pin=P1-15
Added Pin To Net: NetName=CAMDATA1 Pin=P1-15
Removed Pin From Net: NetName=CAMPCLK Pin=P2-5
Added Pin To Net: NetName=CAMCLK Pin=P2-5
Removed Pin From Net: NetName=CAMCLK Pin=P2-8
Added Pin To Net: NetName=CAMPCLK Pin=P2-8
