Removed Pin From Net: NetName=CAMDATA5 Pin=P1-11
Removed Pin From Net: NetName=CAMDATA4 Pin=P1-12
Removed Pin From Net: NetName=CAMDATA3 Pin=P1-13
Removed Pin From Net: NetName=CAMDATA2 Pin=P1-14
Removed Pin From Net: NetName=CAMDATA1 Pin=P1-15
Removed Pin From Net: NetName=CAMDATA0 Pin=P1-16
Change Component Footprint: Designator=P1 Old Footprint=HDR2X8 New Footprint=HDR1X10
Change Component Comment : Designator=P1 Old Comment=Header 8X2 New Comment=Header 10
Added Component: Designator=P3(HDR1X10)
Added Pin To Net: NetName=SDA Pin=P3-1
Added Pin To Net: NetName=GP14 Pin=P3-2
Added Pin To Net: NetName=CAMCLK Pin=P3-3
Added Pin To Net: NetName=CAMSYNC Pin=P3-4
Added Pin To Net: NetName=CAMDATA7 Pin=P3-5
Added Pin To Net: NetName=CAMDATA5 Pin=P3-6
Added Pin To Net: NetName=CAMDATA3 Pin=P3-7
Added Pin To Net: NetName=CAMDATA1 Pin=P3-8
Added Pin To Net: NetName=VDD33 Pin=P3-9
Added Pin To Net: NetName=VDD1.8 Pin=P3-10
Added Member To Class: ClassName=Sheet1 Member=Component P3 Header 10
Added Room: Name=Sheet1
Removed Pin From Net: NetName=VDD33 Pin=P1-1
Added Pin To Net: NetName=SCK Pin=P1-1
Removed Pin From Net: NetName=GND Pin=P1-2
Added Pin To Net: NetName=GAMSTR Pin=P1-2
Removed Pin From Net: NetName=SCK Pin=P1-3
Added Pin To Net: NetName=CAMHREF Pin=P1-3
Removed Pin From Net: NetName=SDA Pin=P1-4
Added Pin To Net: NetName=CAMCLK Pin=P1-4
Removed Pin From Net: NetName=CAMSYNC Pin=P1-5
Added Pin To Net: NetName=CAMDATA6 Pin=P1-5
Removed Pin From Net: NetName=CAMHREF Pin=P1-6
Added Pin To Net: NetName=CAMDATA4 Pin=P1-6
Removed Pin From Net: NetName=CAMCLK Pin=P1-7
Added Pin To Net: NetName=CAMDATA2 Pin=P1-7
Removed Pin From Net: NetName=CAMCLK Pin=P1-8
Added Pin To Net: NetName=CAMDATA0 Pin=P1-8
Removed Pin From Net: NetName=CAMDATA7 Pin=P1-9
Added Pin To Net: NetName=VDD33 Pin=P1-9
Removed Pin From Net: NetName=CAMDATA6 Pin=P1-10
Added Pin To Net: NetName=GND Pin=P1-10
