Added Component: Designator=P10(HDR1X7)
Added Pin To Net: NetName=NetP10_1 Pin=P10-1
Added Pin To Net: NetName=NetP10_1 Pin=U3-5
Added Net: Name=NetP10_1
Added Pin To Net: NetName=NetP10_2 Pin=P10-2
Added Pin To Net: NetName=NetP10_2 Pin=U3-4
Added Net: Name=NetP10_2
Added Pin To Net: NetName=NetP10_3 Pin=P10-3
Added Pin To Net: NetName=NetP10_3 Pin=U3-3
Added Net: Name=NetP10_3
Added Pin To Net: NetName=NetP10_4 Pin=P10-4
Added Pin To Net: NetName=NetP10_4 Pin=U3-2
Added Net: Name=NetP10_4
Added Pin To Net: NetName=NetP10_5 Pin=P10-5
Added Pin To Net: NetName=NetP10_5 Pin=U3-1
Added Net: Name=NetP10_5
Added Pin To Net: NetName=NetP10_6 Pin=P10-6
Added Pin To Net: NetName=NetP10_6 Pin=U3-28
Added Net: Name=NetP10_6
Added Pin To Net: NetName=NetP10_7 Pin=P10-7
Added Pin To Net: NetName=NetP10_7 Pin=U3-27
Added Net: Name=NetP10_7
Added Member To Class: ClassName=SHEET1.~(454) Member=Component P10 Header 7
Added Room: Name=SHEET1.~(454)
