Added Component: Designator=U1(SSOP20)
Added Pin To Net: NetName=RST Pin=U1-1
Added Pin To Net: NetName=RXD Pin=U1-2
Added Pin To Net: NetName=TXD Pin=U1-3
Added Pin To Net: NetName=NetC2_2 Pin=U1-4
Added Pin To Net: NetName=NetC3_2 Pin=U1-5
Added Pin To Net: NetName=EOC Pin=U1-6
Added Pin To Net: NetName=ALE Pin=U1-7
Added Pin To Net: NetName=CLK1 Pin=U1-8
Added Pin To Net: NetName=CLK2 Pin=U1-9
Added Pin To Net: NetName=GND Pin=U1-10
Added Pin To Net: NetName=D Pin=U1-11
Added Pin To Net: NetName=C Pin=U1-12
Added Pin To Net: NetName=B Pin=U1-13
Added Pin To Net: NetName=A Pin=U1-14
Added Pin To Net: NetName=ADDC Pin=U1-15
Added Pin To Net: NetName=ADDB Pin=U1-16
Added Pin To Net: NetName=ADDA Pin=U1-17
Added Pin To Net: NetName=OE Pin=U1-18
Added Pin To Net: NetName=TXD Pin=U1-19
Added Pin To Net: NetName=VCC Pin=U1-20
Added Member To Class: ClassName=SHEET1 Member=Component U1 STC11F02
Added Room: Name=SHEET1
