Change Component Designator: OldDesignator=P4 NewDesignator=P5
Added Component: Designator=C15(c0.2)
Added Component: Designator=C16(c0.2)
Added Component: Designator=P4(HDR2X4)
Added Component: Designator=P6(HDR1X2)
Added Component: Designator=R1(AXIAL-0.4)
Added Component: Designator=R2(AXIAL-0.4)
Added Component: Designator=R3(AXIAL-0.4)
Added Component: Designator=R4(AXIAL-0.4)
Added Component: Designator=R5(AXIAL-0.4)
Added Component: Designator=R6(AXIAL-0.4)
Added Component: Designator=U3(SOT223)
Added Pin To Net: NetName=DGND Pin=C15-1
Added Pin To Net: NetName=VDD5.0V Pin=C15-2
Added Pin To Net: NetName=DGND Pin=C16-1
Added Pin To Net: NetName=DGND Pin=P4-1
Added Pin To Net: NetName=VDD5.0V Pin=P5-2
Added Pin To Net: NetName=VCC Pin=P6-1
Added Pin To Net: NetName=DGND Pin=P6-2
Added Pin To Net: NetName=SC_A10 Pin=R1-1
Added Pin To Net: NetName=SC_A11 Pin=R2-2
Added Pin To Net: NetName=SC_A13 Pin=R3-2
Added Pin To Net: NetName=SC_A12 Pin=R4-1
Added Pin To Net: NetName=SC_A15 Pin=R5-2
Added Pin To Net: NetName=SC_A14 Pin=R6-1
Added Pin To Net: NetName=DGND Pin=U3-1
Added Pin To Net: NetName=VDD5.0V Pin=U3-3
Added Pin To Net: NetName=3.3 Pin=C16-2
Added Pin To Net: NetName=3.3 Pin=P4-2
Added Pin To Net: NetName=3.3 Pin=U3-2
Added Net: Name=3.3
Added Pin To Net: NetName=NetP4_3 Pin=P4-3
Added Pin To Net: NetName=NetP4_3 Pin=R1-2
Added Net: Name=NetP4_3
Added Pin To Net: NetName=NetP4_4 Pin=P4-4
Added Pin To Net: NetName=NetP4_4 Pin=R2-1
Added Net: Name=NetP4_4
Added Pin To Net: NetName=NetP4_5 Pin=P4-5
Added Pin To Net: NetName=NetP4_5 Pin=R4-2
Added Net: Name=NetP4_5
Added Pin To Net: NetName=NetP4_6 Pin=P4-6
Added Pin To Net: NetName=NetP4_6 Pin=R3-1
Added Net: Name=NetP4_6
Added Pin To Net: NetName=NetP4_7 Pin=P4-7
Added Pin To Net: NetName=NetP4_7 Pin=R6-2
Added Net: Name=NetP4_7
Added Pin To Net: NetName=NetP4_8 Pin=P4-8
Added Pin To Net: NetName=NetP4_8 Pin=R5-1
Added Net: Name=NetP4_8
Added Member To Class: ClassName=Sheet1 Member=Component C15 33pF
Added Member To Class: ClassName=Sheet1 Member=Component C16 33pF
Added Member To Class: ClassName=Sheet1 Member=Component P3 Header 8
Added Member To Class: ClassName=Sheet1 Member=Component P5 Header 3X2
Added Member To Class: ClassName=Sheet1 Member=Component P6 Header 2
Added Member To Class: ClassName=Sheet1 Member=Component R1 Res2
Added Member To Class: ClassName=Sheet1 Member=Component R2 Res2
Added Member To Class: ClassName=Sheet1 Member=Component R3 Res2
Added Member To Class: ClassName=Sheet1 Member=Component R4 Res2
Added Member To Class: ClassName=Sheet1 Member=Component R5 Res2
Added Member To Class: ClassName=Sheet1 Member=Component R6 Res2
Added Member To Class: ClassName=Sheet1 Member=Component U3 AMS1117
Added Room: Name=Sheet1
Removed Pin From Net: NetName=SC_EA Pin=P2-1
Added Pin To Net: NetName=SC_D0 Pin=P2-1
Removed Pin From Net: NetName=SC_D0 Pin=P2-2
Added Pin To Net: NetName=SC_D1 Pin=P2-2
Removed Pin From Net: NetName=SC_D1 Pin=P2-3
Added Pin To Net: NetName=SC_D2 Pin=P2-3
Removed Pin From Net: NetName=SC_D2 Pin=P2-4
Added Pin To Net: NetName=SC_D3 Pin=P2-4
Removed Pin From Net: NetName=SC_D3 Pin=P2-5
Added Pin To Net: NetName=SC_D4 Pin=P2-5
Removed Pin From Net: NetName=SC_D4 Pin=P2-6
Added Pin To Net: NetName=SC_D5 Pin=P2-6
Removed Pin From Net: NetName=SC_D5 Pin=P2-7
Added Pin To Net: NetName=SC_D6 Pin=P2-7
Removed Pin From Net: NetName=SC_D6 Pin=P2-8
Added Pin To Net: NetName=SC_D7 Pin=P2-8
