C51 COMPILER V6.12  ___LED                                                                02/03/2012 09:17:15 PAGE 1   


C51 COMPILER V6.12, COMPILATION OF MODULE ___LED
OBJECT MODULE PLACED IN .\点亮LED.OBJ
COMPILER INVOKED BY: F:\软件\keil C\C51\BIN\C51.EXE .\点亮LED.c DEBUG OBJECTEXTEND

stmt level    source

   1          //红色LED亮
   2          #include <reg52.h>
   3          #define uchar unsigned char
   4          #define uint unsigned int
   5          sbit D0=P1^7;
   6          void main()
   7          {	
   8   1      	
   9   1      	while(1)
  10   1       	{
  11   2      	    D0=0;
  12   2              }
  13   1      }


MODULE INFORMATION:   STATIC OVERLAYABLE
   CODE SIZE        =      4    ----
   CONSTANT SIZE    =   ----    ----
   XDATA SIZE       =   ----    ----
   PDATA SIZE       =   ----    ----
   DATA SIZE        =   ----    ----
   IDATA SIZE       =   ----    ----
   BIT SIZE         =   ----    ----
END OF MODULE INFORMATION.


C51 COMPILATION COMPLETE.  0 WARNING(S),  0 ERROR(S)
