Added Component: Designator=C1(6-0805)
Added Component: Designator=C2(6-0805)
Added Component: Designator=C3(6-0805)
Added Component: Designator=C4(6-0805)
Added Component: Designator=C5(6-0805)
Added Component: Designator=D1(LED-0)
Added Component: Designator=D2(LED-0)
Added Component: Designator=D3(LED-0)
Added Component: Designator=P1(HDR1X2)
Added Component: Designator=P?(HDR1X2)
Added Component: Designator=P?(HDR1X3)
Added Component: Designator=P?(HDR1X2)
Added Component: Designator=R1(6-0805)
Added Component: Designator=R02(6-0805)
Added Component: Designator=R2(6-0805)
Added Component: Designator=R3(6-0805)
Added Component: Designator=R4(6-0805)
Added Component: Designator=R5(VR5)
Added Component: Designator=R6(6-0805)
Added Component: Designator=R7(6-0805)
Added Component: Designator=R8(6-0805)
Added Component: Designator=R9(6-0805)
Added Component: Designator=R10(6-0805)
Added Component: Designator=R11(6-0805)
Added Component: Designator=U1(DIP-16)
Added Pin To Net: NetName=GND Pin=C1-1
Added Pin To Net: NetName=GND Pin=C5-1
Added Pin To Net: NetName=GND Pin=P1-1
Added Pin To Net: NetName=GND Pin=P?-1
Added Pin To Net: NetName=GND Pin=P?-1
Added Pin To Net: NetName=GND Pin=P?-2
Added Pin To Net: NetName=GND Pin=R7-2
Added Pin To Net: NetName=GND Pin=R9-1
Added Pin To Net: NetName=GND Pin=R10-2
Added Pin To Net: NetName=GND Pin=R11-2
Added Net: Name=GND
Added Pin To Net: NetName=NetC1_2 Pin=C1-2
Added Pin To Net: NetName=NetC1_2 Pin=R2-1
Added Pin To Net: NetName=NetC1_2 Pin=R4-2
Added Pin To Net: NetName=NetC1_2 Pin=U1-14
Added Pin To Net: NetName=NetC1_2 Pin=U1-16
Added Net: Name=NetC1_2
Added Pin To Net: NetName=NetC2_1 Pin=C2-1
Added Net: Name=NetC2_1
Added Pin To Net: NetName=NetC3_1 Pin=C3-1
Added Pin To Net: NetName=NetC3_1 Pin=P1-2
Added Net: Name=NetC3_1
Added Pin To Net: NetName=NetC3_2 Pin=C3-2
Added Pin To Net: NetName=NetC3_2 Pin=R5-3
Added Net: Name=NetC3_2
Added Pin To Net: NetName=NetC4_1 Pin=C4-1
Added Pin To Net: NetName=NetC4_1 Pin=U1-6
Added Net: Name=NetC4_1
Added Pin To Net: NetName=NetC4_2 Pin=C4-2
Added Pin To Net: NetName=NetC4_2 Pin=U1-7
Added Net: Name=NetC4_2
Added Pin To Net: NetName=NetC5_2 Pin=C5-2
Added Pin To Net: NetName=NetC5_2 Pin=R4-1
Added Pin To Net: NetName=NetC5_2 Pin=R6-1
Added Pin To Net: NetName=NetC5_2 Pin=R9-2
Added Net: Name=NetC5_2
Added Pin To Net: NetName=NetD1_1 Pin=D1-1
Added Pin To Net: NetName=NetD1_1 Pin=R1-1
Added Net: Name=NetD1_1
Added Pin To Net: NetName=NetD1_2 Pin=D1-2
Added Pin To Net: NetName=NetD1_2 Pin=D2-1
Added Net: Name=NetD1_2
Added Pin To Net: NetName=NetD2_2 Pin=D2-2
Added Pin To Net: NetName=NetD2_2 Pin=D3-1
Added Net: Name=NetD2_2
Added Pin To Net: NetName=NetD3_2 Pin=D3-2
Added Net: Name=NetD3_2
Added Pin To Net: NetName=NetP?_1 Pin=P?-1
Added Pin To Net: NetName=NetP?_1 Pin=P?-2
Added Pin To Net: NetName=NetP?_1 Pin=R8-1
Added Pin To Net: NetName=NetP?_1 Pin=U1-4
Added Net: Name=NetP?_1
Added Pin To Net: NetName=NetQ2_2 Pin=R02-1
Added Net: Name=NetQ2_2
Added Pin To Net: NetName=NetQ3_2 Pin=R8-2
Added Net: Name=NetQ3_2
Added Pin To Net: NetName=NetQ3_3 Pin=R02-2
Added Net: Name=NetQ3_3
Added Pin To Net: NetName=NetR3_1 Pin=R3-1
Added Pin To Net: NetName=NetR3_1 Pin=R5-2
Added Net: Name=NetR3_1
Added Pin To Net: NetName=NetR7_1 Pin=R7-1
Added Pin To Net: NetName=NetR7_1 Pin=U1-3
Added Pin To Net: NetName=NetR7_1 Pin=U1-5
Added Pin To Net: NetName=NetR7_1 Pin=U1-8
Added Net: Name=NetR7_1
Added Pin To Net: NetName=NetR10_1 Pin=R10-1
Added Pin To Net: NetName=NetR10_1 Pin=U1-11
Added Net: Name=NetR10_1
Added Pin To Net: NetName=NetR11_1 Pin=R11-1
Added Pin To Net: NetName=NetR11_1 Pin=U1-12
Added Net: Name=NetR11_1
Added Pin To Net: NetName=VCC Pin=P?-2
Added Pin To Net: NetName=VCC Pin=R1-2
Added Pin To Net: NetName=VCC Pin=R2-2
Added Pin To Net: NetName=VCC Pin=R3-2
Added Net: Name=VCC
Added Pin To Net: NetName=VCIN Pin=C2-2
Added Pin To Net: NetName=VCIN Pin=R6-2
Added Pin To Net: NetName=VCIN Pin=U1-9
Added Net: Name=VCIN
Added Class: Name=Sheet2
Added Room: Name=Sheet2
