Added Pin To Net: NetName=3.3V Pin=C1-1-1
Added Pin To Net: NetName=3.3V Pin=C5-1
Added Pin To Net: NetName=3.3V Pin=C6-1
Added Pin To Net: NetName=3.3V Pin=C7-1
Added Pin To Net: NetName=3.3V Pin=D1-A
Added Pin To Net: NetName=3.3V Pin=J3-1
Added Pin To Net: NetName=3.3V Pin=S1-1
Added Pin To Net: NetName=3.3V Pin=S1-1
Added Pin To Net: NetName=3.3V Pin=U1-5
Added Pin To Net: NetName=3.3V Pin=U2-23
Added Pin To Net: NetName=3.3V Pin=U3-16
Added Net: Name=3.3V
Added Pin To Net: NetName=GND Pin=BT1-2
Added Pin To Net: NetName=GND Pin=C1-2
Added Pin To Net: NetName=GND Pin=C2-1
Added Pin To Net: NetName=GND Pin=C3-1
Added Pin To Net: NetName=GND Pin=C5-2
Added Pin To Net: NetName=GND Pin=C6-2
Added Pin To Net: NetName=GND Pin=C7-2
Added Pin To Net: NetName=GND Pin=C12-2
Added Pin To Net: NetName=GND Pin=C13-2
Added Pin To Net: NetName=GND Pin=J1-1
Added Pin To Net: NetName=GND Pin=J2-2
Added Pin To Net: NetName=GND Pin=J3-4
Added Pin To Net: NetName=GND Pin=R7-2
Added Pin To Net: NetName=GND Pin=R10-2
Added Pin To Net: NetName=GND Pin=U1-2
Added Pin To Net: NetName=GND Pin=U1-4
Added Pin To Net: NetName=GND Pin=U2-10
Added Pin To Net: NetName=GND Pin=U2-12
Added Pin To Net: NetName=GND Pin=U2-13
Added Pin To Net: NetName=GND Pin=U2-24
Added Pin To Net: NetName=GND Pin=U3-8
Added Pin To Net: NetName=GND Pin=U4-15
Added Pin To Net: NetName=GND Pin=U5-5
Added Net: Name=GND
Added Pin To Net: NetName=NetBT1_1 Pin=BT1-1
Added Pin To Net: NetName=NetBT1_1 Pin=U2-22
Added Net: Name=NetBT1_1
Added Pin To Net: NetName=NetC1-1_2 Pin=C1-1-2
Added Pin To Net: NetName=NetC1-1_2 Pin=R10-1
Added Pin To Net: NetName=NetC1-1_2 Pin=S1-2
Added Pin To Net: NetName=NetC1-1_2 Pin=S1-2
Added Pin To Net: NetName=NetC1-1_2 Pin=U3-1
Added Net: Name=NetC1-1_2
Added Pin To Net: NetName=NetC2_2 Pin=C2-2
Added Pin To Net: NetName=NetC2_2 Pin=U3-4
Added Net: Name=NetC2_2
Added Pin To Net: NetName=NetC3_2 Pin=C3-2
Added Pin To Net: NetName=NetC3_2 Pin=U3-5
Added Pin To Net: NetName=NetC3_2 Pin=Y1-2
Added Net: Name=NetC3_2
Added Pin To Net: NetName=NetC10_1 Pin=C10-1
Added Pin To Net: NetName=NetC10_1 Pin=U4-1
Added Net: Name=NetC10_1
Added Pin To Net: NetName=NetC10_2 Pin=C10-2
Added Pin To Net: NetName=NetC10_2 Pin=U4-3
Added Net: Name=NetC10_2
Added Pin To Net: NetName=NetC11_1 Pin=C11-1
Added Pin To Net: NetName=NetC11_1 Pin=U4-2
Added Net: Name=NetC11_1
Added Pin To Net: NetName=NetC13_1 Pin=C13-1
Added Pin To Net: NetName=NetC13_1 Pin=U4-6
Added Net: Name=NetC13_1
Added Pin To Net: NetName=NetC14_1 Pin=C14-1
Added Pin To Net: NetName=NetC14_1 Pin=U4-4
Added Net: Name=NetC14_1
Added Pin To Net: NetName=NetC14_2 Pin=C14-2
Added Pin To Net: NetName=NetC14_2 Pin=U4-5
Added Net: Name=NetC14_2
Added Pin To Net: NetName=NetD1_K Pin=D1-K
Added Pin To Net: NetName=NetD1_K Pin=R7-1
Added Net: Name=NetD1_K
Added Pin To Net: NetName=NetL1_1 Pin=L1-1
Added Pin To Net: NetName=NetL1_1 Pin=R4-2
Added Net: Name=NetL1_1
Added Pin To Net: NetName=NetR4_1 Pin=R4-1
Added Pin To Net: NetName=NetR4_1 Pin=U2-8
Added Pin To Net: NetName=NetR4_1 Pin=U2-9
Added Net: Name=NetR4_1
Added Pin To Net: NetName=NetU4_13 Pin=U4-13
Added Pin To Net: NetName=NetU4_13 Pin=U5-3
Added Net: Name=NetU4_13
Added Pin To Net: NetName=NetU4_14 Pin=U4-14
Added Pin To Net: NetName=NetU4_14 Pin=U5-2
Added Net: Name=NetU4_14
Added Pin To Net: NetName=RF IN Pin=J2-1
Added Pin To Net: NetName=RF IN Pin=L1-2
Added Pin To Net: NetName=RF IN Pin=U2-11
Added Net: Name=RF IN
Added Pin To Net: NetName=RXD1 Pin=J3-3
Added Pin To Net: NetName=RXD1 Pin=U2-21
Added Pin To Net: NetName=RXD1 Pin=U3-3
Added Net: Name=RXD1
Added Pin To Net: NetName=RXD Pin=U3-14
Added Pin To Net: NetName=RXD Pin=U4-12
Added Net: Name=RXD
Added Pin To Net: NetName=TXD1 Pin=J3-2
Added Pin To Net: NetName=TXD1 Pin=U2-20
Added Pin To Net: NetName=TXD1 Pin=U3-2
Added Net: Name=TXD1
Added Pin To Net: NetName=TXD Pin=U3-15
Added Pin To Net: NetName=TXD Pin=U4-11
Added Net: Name=TXD
Added Pin To Net: NetName=VCC_5V Pin=C1-1
Added Pin To Net: NetName=VCC_5V Pin=C11-2
Added Pin To Net: NetName=VCC_5V Pin=C12-1
Added Pin To Net: NetName=VCC_5V Pin=J1-2
Added Pin To Net: NetName=VCC_5V Pin=U1-1
Added Pin To Net: NetName=VCC_5V Pin=U1-3
Added Pin To Net: NetName=VCC_5V Pin=U4-16
Added Net: Name=VCC_5V
Added Class: Name=yabin
Added Room: Name=yabin
