Removed Pin From Net: NetName=NetC2_2 Pin=Y1-1
Change Component Comment : Designator=C7 Old Comment= New Comment=0.1UF
Change Component Comment : Designator=C6 Old Comment= New Comment=0.1UF
Change Component Comment : Designator=R7 Old Comment= New Comment=1K
Change Component Comment : Designator=BT1 Old Comment= New Comment=3.3V Å¦¿Ûµç³Ø
Change Component Comment : Designator=C1 Old Comment= New Comment=4.7UF
Change Component Comment : Designator=R10 Old Comment= New Comment=10K
Change Component Comment : Designator=R4 Old Comment= New Comment=10R
Change Component Comment : Designator=C1-1 Old Comment= New Comment=10UF
Change Component Comment : Designator=Y1 Old Comment= New Comment=12M
Change Component Comment : Designator=L1 Old Comment= New Comment=27nH
Change Component Comment : Designator=C2 Old Comment= New Comment=30P
Change Component Comment : Designator=C3 Old Comment= New Comment=30PF
Change Component Comment : Designator=C14 Old Comment= New Comment=105
Change Component Comment : Designator=C13 Old Comment= New Comment=105
Change Component Comment : Designator=C12 Old Comment= New Comment=105
Change Component Comment : Designator=C11 Old Comment= New Comment=105
Change Component Comment : Designator=C10 Old Comment= New Comment=105
Change Component Comment : Designator=C5 Old Comment= New Comment=475
Change Component Comment : Designator=J2 Old Comment= New Comment=CON2
Change Component Comment : Designator=J1 Old Comment= New Comment=CON2
Change Component Comment : Designator=J3 Old Comment= New Comment=CON4
Change Component Comment : Designator=D1 Old Comment= New Comment=LED
Change Component Comment : Designator=S1 Old Comment= New Comment=SW-PB
Change Net Name : Old Net Name=NetR4_2 New Net Name=NetL1_1
Change Net Name : Old Net Name=NetU2_8 New Net Name=NetR4_1
Change Net Name : Old Net Name=NetU4_2 New Net Name=NetC11_1
Change Net Name : Old Net Name=NetU4_4 New Net Name=NetC14_1
Change Net Name : Old Net Name=NetU4_5 New Net Name=NetC14_2
Change Net Name : Old Net Name=NetU4_6 New Net Name=NetC13_1
Added Room: Name=yabin
Removed Pin From Net: NetName=NetU4_13 Pin=U5-2
Added Pin To Net: NetName=NetU4_14 Pin=U5-2
Removed Pin From Net: NetName=NetU4_14 Pin=U5-3
Added Pin To Net: NetName=NetU4_13 Pin=U5-3
