Removed Member From Class: ClassName=U4_Nets Member=GND
Removed Member From Class: ClassName=U4_Nets Member=GND
Removed Member From Class: ClassName=U_POWER_Nets Member=GND
Removed Member From Class: ClassName=U_STORAGE_Nets Member=GND
Removed Member From Class: ClassName=U_STORAGE_Nets Member=NetC24_1
Removed Member From Class: ClassName=U_STORAGE_Nets Member=NetP5_2
Removed Member From Class: ClassName=U_STORAGE_Nets Member=NetP6_2
Removed Member From Class: ClassName=U_STORAGE_Nets Member=NetR7_1
Removed Member From Class: ClassName=U_STORAGE_Nets Member=NetR10_1
Removed Member From Class: ClassName=U4_Nets Member=PD4
Removed Member From Class: ClassName=U_STORAGE_Nets Member=PD4
Removed Member From Class: ClassName=U4_Nets Member=PD5
Removed Member From Class: ClassName=U_STORAGE_Nets Member=PD5
Removed Member From Class: ClassName=U4_Nets Member=PD6
Removed Member From Class: ClassName=U_STORAGE_Nets Member=PD6
Removed Member From Class: ClassName=U_STORAGE_Nets Member=PD7
Removed Member From Class: ClassName=U_STORAGE_Nets Member=PE0
Removed Member From Class: ClassName=U_STORAGE_Nets Member=PE1
Removed Member From Class: ClassName=U_STORAGE_Nets Member=PG6
Removed Member From Class: ClassName=U4_Nets Member=PG9
Removed Member From Class: ClassName=U_STORAGE_Nets Member=PG9
Removed Member From Class: ClassName=U_STORAGE_Nets Member=PG10
Removed Member From Class: ClassName=U4_Nets Member=VDD33
Removed Member From Class: ClassName=U4_Nets Member=VDD33
Removed Member From Class: ClassName=U_POWER_Nets Member=VDD33
Removed Member From Class: ClassName=U_STORAGE_Nets Member=VDD33
Added Pin To Net: NetName=GND Pin=NU1-83
Added Pin To Net: NetName=VDD33 Pin=NU1-84
Change Class Name : Old Net Name=U4_Nets New Net Name=U_STORAGE_Nets
Change Class Name : Old Net Name=U_STORAGE_Nets New Net Name=U_GPIO_OUT_Nets
Added Class: Name=main_Nets
Added Class: Name=U4_Nets
Added Class: Name=U_EXTERN_Nets
Added Class: Name=U_XLAT AND JTAG_Nets
Added Member To Class: ClassName=U_STORAGE_Nets Member=Element[0]: N000-1 (Inferred)
Added Member To Class: ClassName=U_GPIO_OUT_Nets Member=Element[0]: N000-1 (Inferred)
Added Member To Class: ClassName=U_STORAGE_Nets Member=Element[1]: N000-1 (Inferred)
Added Member To Class: ClassName=U_GPIO_OUT_Nets Member=Element[1]: N000-1 (Inferred)
Added Member To Class: ClassName=U_STORAGE_Nets Member=Element[2]: N000-1 (Inferred)
Added Member To Class: ClassName=U_GPIO_OUT_Nets Member=Element[2]: N000-1 (Inferred)
Added Member To Class: ClassName=U_STORAGE_Nets Member=Element[3]: N000-1 (Inferred)
Added Member To Class: ClassName=U_GPIO_OUT_Nets Member=Element[3]: N000-1 (Inferred)
Added Member To Class: ClassName=U_STORAGE_Nets Member=Element[4]: N000-1 (Inferred)
Added Member To Class: ClassName=U_GPIO_OUT_Nets Member=Element[4]: N000-1 (Inferred)
Added Member To Class: ClassName=U_STORAGE_Nets Member=Element[5]: N000-1 (Inferred)
Added Member To Class: ClassName=U_GPIO_OUT_Nets Member=Element[5]: N000-1 (Inferred)
Added Member To Class: ClassName=U_STORAGE_Nets Member=Element[6]: N000-1 (Inferred)
Added Member To Class: ClassName=U_GPIO_OUT_Nets Member=Element[6]: N000-1 (Inferred)
Added Member To Class: ClassName=U_STORAGE_Nets Member=Element[7]: N000-1 (Inferred)
Added Member To Class: ClassName=U_GPIO_OUT_Nets Member=Element[7]: N000-1 (Inferred)
Added Member To Class: ClassName=U_STORAGE_Nets Member=Element[8]: N000-1 (Inferred)
Added Member To Class: ClassName=U_GPIO_OUT_Nets Member=Element[8]: N000-1 (Inferred)
Added Member To Class: ClassName=U_STORAGE_Nets Member=Element[9]: N000-1 (Inferred)
Added Member To Class: ClassName=U_GPIO_OUT_Nets Member=Element[9]: N000-1 (Inferred)
Added Member To Class: ClassName=U_STORAGE_Nets Member=Element[10]: N000-1 (Inferred)
Added Member To Class: ClassName=U_GPIO_OUT_Nets Member=Element[10]: N000-1 (Inferred)
Added Member To Class: ClassName=U_STORAGE_Nets Member=Element[11]: N000-1 (Inferred)
Added Member To Class: ClassName=U_GPIO_OUT_Nets Member=Element[11]: N000-1 (Inferred)
Added Member To Class: ClassName=U_STORAGE_Nets Member=Element[12]: N000-1 (Inferred)
Added Member To Class: ClassName=U_GPIO_OUT_Nets Member=Element[12]: N000-1 (Inferred)
Added Member To Class: ClassName=U_STORAGE_Nets Member=Element[13]: N000-1 (Inferred)
Added Member To Class: ClassName=U_GPIO_OUT_Nets Member=Element[13]: N000-1 (Inferred)
Added Member To Class: ClassName=U_STORAGE_Nets Member=Element[14]: N000-1 (Inferred)
Added Member To Class: ClassName=U_GPIO_OUT_Nets Member=Element[14]: N000-1 (Inferred)
Added Member To Class: ClassName=U_STORAGE_Nets Member=Element[15]: N000-1 (Inferred)
Added Member To Class: ClassName=U_GPIO_OUT_Nets Member=Element[15]: N000-1 (Inferred)
Added Member To Class: ClassName=U_STORAGE_Nets Member=Element[16]: N000-1 (Inferred)
Added Member To Class: ClassName=U_GPIO_OUT_Nets Member=Element[16]: N000-1 (Inferred)
Added Member To Class: ClassName=U_STORAGE_Nets Member=Element[17]: N000-1 (Inferred)
Added Member To Class: ClassName=U_GPIO_OUT_Nets Member=Element[17]: N000-1 (Inferred)
Added Member To Class: ClassName=U_STORAGE_Nets Member=Element[18]: N000-1 (Inferred)
Added Member To Class: ClassName=U_GPIO_OUT_Nets Member=Element[18]: N000-1 (Inferred)
Added Member To Class: ClassName=U_STORAGE_Nets Member=Element[19]: N000-1 (Inferred)
Added Member To Class: ClassName=U_GPIO_OUT_Nets Member=Element[19]: N000-1 (Inferred)
Added Member To Class: ClassName=U_STORAGE_Nets Member=Element[20]: N000-1 (Inferred)
Added Member To Class: ClassName=U_GPIO_OUT_Nets Member=Element[20]: N000-1 (Inferred)
Added Member To Class: ClassName=U_STORAGE_Nets Member=Element[21]: N000-1 (Inferred)
Added Member To Class: ClassName=U_GPIO_OUT_Nets Member=Element[21]: N000-1 (Inferred)
Added Member To Class: ClassName=U_STORAGE_Nets Member=Element[22]: N000-1 (Inferred)
Added Member To Class: ClassName=U_GPIO_OUT_Nets Member=Element[22]: N000-1 (Inferred)
Added Member To Class: ClassName=U_STORAGE_Nets Member=Element[23]: N000-1 (Inferred)
Added Member To Class: ClassName=U_GPIO_OUT_Nets Member=Element[23]: A
Added Member To Class: ClassName=U_GPIO_OUT_Nets Member=Element[23]: N000-1 (Inferred)
Added Member To Class: ClassName=U_STORAGE_Nets Member=Element[0]: N000-1 (Inferred)
Added Member To Class: ClassName=U_GPIO_OUT_Nets Member=Element[0]: N000-1 (Inferred)
Added Member To Class: ClassName=U_STORAGE_Nets Member=Element[1]: N000-1 (Inferred)
Added Member To Class: ClassName=U_GPIO_OUT_Nets Member=Element[1]: N000-1 (Inferred)
Added Member To Class: ClassName=U_STORAGE_Nets Member=Element[2]: N000-1 (Inferred)
Added Member To Class: ClassName=U_GPIO_OUT_Nets Member=Element[2]: N000-1 (Inferred)
Added Member To Class: ClassName=U_STORAGE_Nets Member=Element[3]: N000-1 (Inferred)
Added Member To Class: ClassName=U_GPIO_OUT_Nets Member=Element[3]: N000-1 (Inferred)
Added Member To Class: ClassName=U_STORAGE_Nets Member=Element[4]: N000-1 (Inferred)
Added Member To Class: ClassName=U_GPIO_OUT_Nets Member=Element[4]: N000-1 (Inferred)
Added Member To Class: ClassName=U_STORAGE_Nets Member=Element[5]: N000-1 (Inferred)
Added Member To Class: ClassName=U_GPIO_OUT_Nets Member=Element[5]: N000-1 (Inferred)
Added Member To Class: ClassName=U_STORAGE_Nets Member=Element[6]: N000-1 (Inferred)
Added Member To Class: ClassName=U_GPIO_OUT_Nets Member=Element[6]: N000-1 (Inferred)
Added Member To Class: ClassName=U_STORAGE_Nets Member=Element[7]: N000-1 (Inferred)
Added Member To Class: ClassName=U_GPIO_OUT_Nets Member=Element[7]: N000-1 (Inferred)
Added Member To Class: ClassName=U_STORAGE_Nets Member=Element[8]: N000-1 (Inferred)
Added Member To Class: ClassName=U_GPIO_OUT_Nets Member=Element[8]: N000-1 (Inferred)
Added Member To Class: ClassName=U_STORAGE_Nets Member=Element[9]: N000-1 (Inferred)
Added Member To Class: ClassName=U_GPIO_OUT_Nets Member=Element[9]: N000-1 (Inferred)
Added Member To Class: ClassName=U_STORAGE_Nets Member=Element[10]: N000-1 (Inferred)
Added Member To Class: ClassName=U_GPIO_OUT_Nets Member=Element[10]: N000-1 (Inferred)
Added Member To Class: ClassName=U_STORAGE_Nets Member=Element[11]: N000-1 (Inferred)
Added Member To Class: ClassName=U_GPIO_OUT_Nets Member=Element[11]: N000-1 (Inferred)
Added Member To Class: ClassName=U_STORAGE_Nets Member=Element[12]: N000-1 (Inferred)
Added Member To Class: ClassName=U_GPIO_OUT_Nets Member=Element[12]: N000-1 (Inferred)
Added Member To Class: ClassName=U_STORAGE_Nets Member=Element[13]: N000-1 (Inferred)
Added Member To Class: ClassName=U_GPIO_OUT_Nets Member=Element[13]: N000-1 (Inferred)
Added Member To Class: ClassName=U_STORAGE_Nets Member=Element[14]: N000-1 (Inferred)
Added Member To Class: ClassName=U_GPIO_OUT_Nets Member=Element[14]: N000-1 (Inferred)
Added Member To Class: ClassName=U_STORAGE_Nets Member=Element[15]: N000-1 (Inferred)
Added Member To Class: ClassName=U_GPIO_OUT_Nets Member=Element[15]: N000-1 (Inferred)
Added Member To Class: ClassName=U_STORAGE_Nets Member=Wire NetP5_2
Added Member To Class: ClassName=U_STORAGE_Nets Member=Wire NetR7_1
Added Member To Class: ClassName=U_GPIO_OUT_Nets Member=Wire PA1
Added Member To Class: ClassName=U_GPIO_OUT_Nets Member=Wire PA4
Added Member To Class: ClassName=U_GPIO_OUT_Nets Member=Wire PA15
Added Member To Class: ClassName=U_GPIO_OUT_Nets Member=Wire PB0
Added Member To Class: ClassName=U_GPIO_OUT_Nets Member=Wire PB1
Added Member To Class: ClassName=U_GPIO_OUT_Nets Member=Wire PB2
Added Member To Class: ClassName=U_GPIO_OUT_Nets Member=Wire PB5
Added Member To Class: ClassName=U_GPIO_OUT_Nets Member=Wire PB6
Added Member To Class: ClassName=U_GPIO_OUT_Nets Member=Wire PB7
Added Member To Class: ClassName=U_GPIO_OUT_Nets Member=Wire PB8
Added Member To Class: ClassName=U_GPIO_OUT_Nets Member=Wire PB9
Added Member To Class: ClassName=U_GPIO_OUT_Nets Member=Wire PB10
Added Member To Class: ClassName=U_GPIO_OUT_Nets Member=Wire PB11
Added Member To Class: ClassName=U_GPIO_OUT_Nets Member=Wire PB12
Added Member To Class: ClassName=U_GPIO_OUT_Nets Member=Wire PB13
Added Member To Class: ClassName=U_GPIO_OUT_Nets Member=Wire PB14
Added Member To Class: ClassName=U_GPIO_OUT_Nets Member=Wire PB15
Added Member To Class: ClassName=U_GPIO_OUT_Nets Member=Wire PD2
Added Member To Class: ClassName=U_GPIO_OUT_Nets Member=Wire PD3
Added Member To Class: ClassName=U_GPIO_OUT_Nets Member=Wire PF6
Added Member To Class: ClassName=U_GPIO_OUT_Nets Member=Wire PF10
Added Member To Class: ClassName=U_GPIO_OUT_Nets Member=Wire PF11
Added Member To Class: ClassName=U_GPIO_OUT_Nets Member=Wire PG7
Added Member To Class: ClassName=U_GPIO_OUT_Nets Member=Wire PG8
Added Member To Class: ClassName=U_GPIO_OUT_Nets Member=Wire PG11
Added Member To Class: ClassName=U_GPIO_OUT_Nets Member=Wire PG13
Added Member To Class: ClassName=U_GPIO_OUT_Nets Member=Wire PG14
Added Member To Class: ClassName=U_GPIO_OUT_Nets Member=Wire PG15
