Change Component Footprint: Designator=R7 Old Footprint=AXIAL-0.4 New Footprint=0805
Change Component Footprint: Designator=R8 Old Footprint=AXIAL-0.4 New Footprint=0805
Change Component Footprint: Designator=R9 Old Footprint=AXIAL-0.4 New Footprint=0805
Change Component Footprint: Designator=R10 Old Footprint=AXIAL-0.4 New Footprint=0805
Change Component Footprint: Designator=R11 Old Footprint=AXIAL-0.4 New Footprint=0805
Change Component Footprint: Designator=R12 Old Footprint=AXIAL-0.4 New Footprint=0805
Change Component Footprint: Designator=R13 Old Footprint=AXIAL-0.4 New Footprint=0805
Change Component Footprint: Designator=R14 Old Footprint=AXIAL-0.4 New Footprint=0805
Change Component Footprint: Designator=R15 Old Footprint=AXIAL-0.4 New Footprint=0805
Change Component Footprint: Designator=R16 Old Footprint=AXIAL-0.4 New Footprint=0805
Change Component Footprint: Designator=R17 Old Footprint=AXIAL-0.4 New Footprint=0805
Change Component Footprint: Designator=R18 Old Footprint=AXIAL-0.4 New Footprint=0805
Change Component Footprint: Designator=R19 Old Footprint=AXIAL-0.4 New Footprint=0805
Change Component Footprint: Designator=R20 Old Footprint=AXIAL-0.4 New Footprint=0805
Change Component Footprint: Designator=R21 Old Footprint=AXIAL-0.4 New Footprint=0805
Change Component Footprint: Designator=R22 Old Footprint=AXIAL-0.4 New Footprint=0805
Change Component Footprint: Designator=R23 Old Footprint=AXIAL-0.4 New Footprint=0805
Change Component Footprint: Designator=R24 Old Footprint=AXIAL-0.4 New Footprint=0805
Change Component Footprint: Designator=R25 Old Footprint=AXIAL-0.4 New Footprint=0805
Change Component Footprint: Designator=D1 Old Footprint=LED-0 New Footprint=0805
Change Component Footprint: Designator=D2 Old Footprint=LED-0 New Footprint=0805
Change Component Footprint: Designator=D3 Old Footprint=LED-0 New Footprint=0805
Change Component Footprint: Designator=C21 Old Footprint=RAD-0.3 New Footprint=0805
Change Component Footprint: Designator=C22 Old Footprint=RAD-0.3 New Footprint=0805
Change Component Footprint: Designator=C23 Old Footprint=RAD-0.3 New Footprint=0805
Change Component Footprint: Designator=C24 Old Footprint=RAD-0.3 New Footprint=0805
Change Component Footprint: Designator=C27 Old Footprint=RAD-0.3 New Footprint=0805
Added Pin To Net: NetName=D0 Pin=NU1-83
Added Pin To Net: NetName=D1 Pin=NU1-84
Added Room: Name=U_POWER
